{"/home/travis/build/npmtest/node-npmtest-grunt-search/test.js":{"path":"/home/travis/build/npmtest/node-npmtest-grunt-search/test.js","s":{"1":2,"2":2,"3":2,"4":2,"5":2,"6":2,"7":2,"8":1,"9":2,"10":2,"11":1,"12":1,"13":1,"14":1,"15":2,"16":2,"17":2,"18":2,"19":1,"20":1,"21":2,"22":2,"23":2,"24":1,"25":1,"26":1,"27":1,"28":1,"29":1,"30":1,"31":1,"32":1,"33":1,"34":1,"35":1,"36":1,"37":1,"38":1,"39":2,"40":2,"41":1,"42":2,"43":2,"44":1,"45":2,"46":2,"47":1,"48":2,"49":2,"50":1,"51":1,"52":1,"53":1,"54":1},"b":{"1":[2,1,1,1],"2":[1,1,1,1],"3":[1,1],"4":[1,1],"5":[1,1],"6":[1,1],"7":[1,1],"8":[1,1],"9":[1,1],"10":[1,1,1],"11":[1,1],"12":[1,1],"13":[1,1],"14":[1,1],"15":[1,1],"16":[1,1],"17":[1,1]},"f":{"1":2,"2":2,"3":2,"4":2,"5":2,"6":1,"7":1,"8":1,"9":2,"10":2,"11":2,"12":2,"13":1},"fnMap":{"1":{"name":"(anonymous_1)","line":12,"loc":{"start":{"line":12,"column":1},"end":{"line":12,"column":13}}},"2":{"name":"(anonymous_2)","line":19,"loc":{"start":{"line":19,"column":5},"end":{"line":19,"column":17}}},"3":{"name":"(anonymous_3)","line":23,"loc":{"start":{"line":23,"column":24},"end":{"line":23,"column":36}}},"4":{"name":"(anonymous_4)","line":61,"loc":{"start":{"line":61,"column":5},"end":{"line":61,"column":17}}},"5":{"name":"(anonymous_5)","line":82,"loc":{"start":{"line":82,"column":5},"end":{"line":82,"column":17}}},"6":{"name":"(anonymous_6)","line":91,"loc":{"start":{"line":91,"column":77},"end":{"line":94,"column":10}}},"7":{"name":"(anonymous_7)","line":112,"loc":{"start":{"line":112,"column":83},"end":{"line":115,"column":10}},"skip":true},"8":{"name":"(anonymous_8)","line":123,"loc":{"start":{"line":123,"column":77},"end":{"line":126,"column":10}},"skip":true},"9":{"name":"(anonymous_9)","line":139,"loc":{"start":{"line":139,"column":12},"end":{"line":139,"column":40}},"skip":true},"10":{"name":"(anonymous_10)","line":147,"loc":{"start":{"line":147,"column":77},"end":{"line":150,"column":10}},"skip":true},"11":{"name":"(anonymous_11)","line":158,"loc":{"start":{"line":158,"column":83},"end":{"line":161,"column":10}},"skip":true},"12":{"name":"(anonymous_12)","line":169,"loc":{"start":{"line":169,"column":79},"end":{"line":172,"column":10}},"skip":true},"13":{"name":"(anonymous_13)","line":180,"loc":{"start":{"line":180,"column":75},"end":{"line":183,"column":10}},"skip":true}},"statementMap":{"1":{"start":{"line":12,"column":0},"end":{"line":195,"column":5}},"2":{"start":{"line":14,"column":4},"end":{"line":14,"column":14}},"3":{"start":{"line":19,"column":4},"end":{"line":56,"column":9}},"4":{"start":{"line":21,"column":8},"end":{"line":21,"column":19}},"5":{"start":{"line":23,"column":8},"end":{"line":35,"column":13}},"6":{"start":{"line":24,"column":12},"end":{"line":34,"column":13}},"7":{"start":{"line":25,"column":16},"end":{"line":28,"column":30}},"8":{"start":{"line":30,"column":16},"end":{"line":33,"column":27}},"9":{"start":{"line":37,"column":8},"end":{"line":39,"column":21}},"10":{"start":{"line":40,"column":8},"end":{"line":53,"column":9}},"11":{"start":{"line":43,"column":12},"end":{"line":46,"column":14}},"12":{"start":{"line":47,"column":12},"end":{"line":47,"column":18}},"13":{"start":{"line":50,"column":12},"end":{"line":51,"column":33}},"14":{"start":{"line":52,"column":12},"end":{"line":52,"column":18}},"15":{"start":{"line":55,"column":8},"end":{"line":55,"column":35}},"16":{"start":{"line":61,"column":4},"end":{"line":63,"column":9}},"17":{"start":{"line":62,"column":8},"end":{"line":62,"column":15}},"18":{"start":{"line":64,"column":4},"end":{"line":77,"column":5}},"19":{"start":{"line":70,"column":8},"end":{"line":70,"column":14}},"20":{"start":{"line":76,"column":8},"end":{"line":76,"column":14}},"21":{"start":{"line":82,"column":4},"end":{"line":84,"column":9}},"22":{"start":{"line":83,"column":8},"end":{"line":83,"column":15}},"23":{"start":{"line":85,"column":4},"end":{"line":194,"column":5}},"24":{"start":{"line":91,"column":8},"end":{"line":99,"column":10}},"25":{"start":{"line":98,"column":12},"end":{"line":98,"column":35}},"26":{"start":{"line":102,"column":8},"end":{"line":104,"column":63}},"27":{"start":{"line":105,"column":8},"end":{"line":105,"column":14}},"28":{"start":{"line":112,"column":8},"end":{"line":121,"column":10},"skip":true},"29":{"start":{"line":119,"column":12},"end":{"line":119,"column":55},"skip":true},"30":{"start":{"line":120,"column":12},"end":{"line":120,"column":48},"skip":true},"31":{"start":{"line":123,"column":8},"end":{"line":136,"column":10},"skip":true},"32":{"start":{"line":130,"column":12},"end":{"line":130,"column":76},"skip":true},"33":{"start":{"line":131,"column":12},"end":{"line":131,"column":73},"skip":true},"34":{"start":{"line":132,"column":12},"end":{"line":132,"column":74},"skip":true},"35":{"start":{"line":133,"column":12},"end":{"line":133,"column":79},"skip":true},"36":{"start":{"line":134,"column":12},"end":{"line":134,"column":25},"skip":true},"37":{"start":{"line":135,"column":12},"end":{"line":135,"column":45},"skip":true},"38":{"start":{"line":138,"column":8},"end":{"line":145,"column":14},"skip":true},"39":{"start":{"line":143,"column":16},"end":{"line":143,"column":29},"skip":true},"40":{"start":{"line":144,"column":16},"end":{"line":144,"column":55},"skip":true},"41":{"start":{"line":147,"column":8},"end":{"line":156,"column":10},"skip":true},"42":{"start":{"line":154,"column":12},"end":{"line":154,"column":25},"skip":true},"43":{"start":{"line":155,"column":12},"end":{"line":155,"column":45},"skip":true},"44":{"start":{"line":158,"column":8},"end":{"line":167,"column":10},"skip":true},"45":{"start":{"line":165,"column":12},"end":{"line":165,"column":25},"skip":true},"46":{"start":{"line":166,"column":12},"end":{"line":166,"column":48},"skip":true},"47":{"start":{"line":169,"column":8},"end":{"line":178,"column":10},"skip":true},"48":{"start":{"line":176,"column":12},"end":{"line":176,"column":25},"skip":true},"49":{"start":{"line":177,"column":12},"end":{"line":177,"column":46},"skip":true},"50":{"start":{"line":180,"column":8},"end":{"line":189,"column":10},"skip":true},"51":{"start":{"line":187,"column":12},"end":{"line":187,"column":94},"skip":true},"52":{"start":{"line":188,"column":12},"end":{"line":188,"column":48},"skip":true},"53":{"start":{"line":192,"column":8},"end":{"line":192,"column":35},"skip":true},"54":{"start":{"line":193,"column":8},"end":{"line":193,"column":14},"skip":true}},"branchMap":{"1":{"line":25,"type":"binary-expr","locations":[{"start":{"line":25,"column":23},"end":{"line":25,"column":62}},{"start":{"line":26,"column":20},"end":{"line":26,"column":70}},{"start":{"line":27,"column":20},"end":{"line":27,"column":71}},{"start":{"line":28,"column":20},"end":{"line":28,"column":29}}]},"2":{"line":30,"type":"binary-expr","locations":[{"start":{"line":30,"column":23},"end":{"line":30,"column":37}},{"start":{"line":31,"column":20},"end":{"line":31,"column":61}},{"start":{"line":32,"column":20},"end":{"line":32,"column":70}},{"start":{"line":33,"column":20},"end":{"line":33,"column":26}}]},"3":{"line":37,"type":"cond-expr","locations":[{"start":{"line":38,"column":14},"end":{"line":38,"column":20}},{"start":{"line":39,"column":14},"end":{"line":39,"column":20}}]},"4":{"line":40,"type":"switch","locations":[{"start":{"line":42,"column":8},"end":{"line":47,"column":18}},{"start":{"line":49,"column":8},"end":{"line":52,"column":18}}]},"5":{"line":44,"type":"binary-expr","locations":[{"start":{"line":44,"column":16},"end":{"line":44,"column":44}},{"start":{"line":44,"column":48},"end":{"line":44,"column":66}}]},"6":{"line":50,"type":"binary-expr","locations":[{"start":{"line":50,"column":21},"end":{"line":50,"column":49}},{"start":{"line":50,"column":53},"end":{"line":50,"column":72}}]},"7":{"line":64,"type":"switch","locations":[{"start":{"line":69,"column":4},"end":{"line":70,"column":14}},{"start":{"line":75,"column":4},"end":{"line":76,"column":14}}]},"8":{"line":85,"type":"switch","locations":[{"start":{"line":90,"column":4},"end":{"line":105,"column":14}},{"start":{"line":111,"column":4},"end":{"line":193,"column":14},"skip":true}]},"9":{"line":91,"type":"binary-expr","locations":[{"start":{"line":91,"column":42},"end":{"line":91,"column":73}},{"start":{"line":91,"column":77},"end":{"line":99,"column":9}}]},"10":{"line":102,"type":"binary-expr","locations":[{"start":{"line":102,"column":18},"end":{"line":102,"column":32}},{"start":{"line":103,"column":12},"end":{"line":103,"column":53}},{"start":{"line":104,"column":12},"end":{"line":104,"column":61}}]},"11":{"line":112,"type":"binary-expr","locations":[{"start":{"line":112,"column":45},"end":{"line":112,"column":79},"skip":true},{"start":{"line":112,"column":83},"end":{"line":121,"column":9},"skip":true}]},"12":{"line":123,"type":"binary-expr","locations":[{"start":{"line":123,"column":42},"end":{"line":123,"column":73},"skip":true},{"start":{"line":123,"column":77},"end":{"line":136,"column":9},"skip":true}]},"13":{"line":138,"type":"binary-expr","locations":[{"start":{"line":138,"column":48},"end":{"line":138,"column":85},"skip":true},{"start":{"line":139,"column":12},"end":{"line":145,"column":13},"skip":true}]},"14":{"line":147,"type":"binary-expr","locations":[{"start":{"line":147,"column":42},"end":{"line":147,"column":73},"skip":true},{"start":{"line":147,"column":77},"end":{"line":156,"column":9},"skip":true}]},"15":{"line":158,"type":"binary-expr","locations":[{"start":{"line":158,"column":45},"end":{"line":158,"column":79},"skip":true},{"start":{"line":158,"column":83},"end":{"line":167,"column":9},"skip":true}]},"16":{"line":169,"type":"binary-expr","locations":[{"start":{"line":169,"column":43},"end":{"line":169,"column":75},"skip":true},{"start":{"line":169,"column":79},"end":{"line":178,"column":9},"skip":true}]},"17":{"line":180,"type":"binary-expr","locations":[{"start":{"line":180,"column":41},"end":{"line":180,"column":71},"skip":true},{"start":{"line":180,"column":75},"end":{"line":189,"column":9},"skip":true}]}},"code":["/* istanbul instrument in package npmtest_grunt_search */","/*jslint","    bitwise: true,","    browser: true,","    maxerr: 8,","    maxlen: 96,","    node: true,","    nomen: true,","    regexp: true,","    stupid: true","*/","(function () {","    'use strict';","    var local;","","","","    // run shared js-env code - pre-init","    (function () {","        // init local","        local = {};","        // init modeJs","        local.modeJs = (function () {","            try {","                return typeof navigator.userAgent === 'string' &&","                    typeof document.querySelector('body') === 'object' &&","                    typeof XMLHttpRequest.prototype.open === 'function' &&","                    'browser';","            } catch (errorCaughtBrowser) {","                return module.exports &&","                    typeof process.versions.node === 'string' &&","                    typeof require('http').createServer === 'function' &&","                    'node';","            }","        }());","        // init global","        local.global = local.modeJs === 'browser'","            ? window","            : global;","        switch (local.modeJs) {","        // re-init local from window.local","        case 'browser':","            local = local.global.utility2.objectSetDefault(","                local.global.utility2_rollup || local.global.local,","                local.global.utility2","            );","            break;","        // re-init local from example.js","        case 'node':","            local = (local.global.utility2_rollup || require('utility2'))","                .requireReadme();","            break;","        }","        // export local","        local.global.local = local;","    }());","","","","    // run shared js-env code - function","    (function () {","        return;","    }());","    switch (local.modeJs) {","","","","    // run browser js-env code - function","    case 'browser':","        break;","","","","    // run node js-env code - function","    case 'node':","        break;","    }","","","","    // run shared js-env code - post-init","    (function () {","        return;","    }());","    switch (local.modeJs) {","","","","    // run browser js-env code - post-init","    case 'browser':","        local.testCase_browser_nullCase = local.testCase_browser_nullCase || function (","            options,","            onError","        ) {","        /*","         * this function will test browsers's null-case handling-behavior-behavior","         */","            onError(null, options);","        };","","        // run tests","        local.nop(local.modeTest &&","            document.querySelector('#testRunButton1') &&","            document.querySelector('#testRunButton1').click());","        break;","","","","    // run node js-env code - post-init","    /* istanbul ignore next */","    case 'node':","        local.testCase_buildApidoc_default = local.testCase_buildApidoc_default || function (","            options,","            onError","        ) {","        /*","         * this function will test buildApidoc's default handling-behavior-behavior","         */","            options = { modulePathList: module.paths };","            local.buildApidoc(options, onError);","        };","","        local.testCase_buildApp_default = local.testCase_buildApp_default || function (","            options,","            onError","        ) {","        /*","         * this function will test buildApp's default handling-behavior-behavior","         */","            local.testCase_buildReadme_default(options, local.onErrorThrow);","            local.testCase_buildLib_default(options, local.onErrorThrow);","            local.testCase_buildTest_default(options, local.onErrorThrow);","            local.testCase_buildCustomOrg_default(options, local.onErrorThrow);","            options = [];","            local.buildApp(options, onError);","        };","","        local.testCase_buildCustomOrg_default = local.testCase_buildCustomOrg_default ||","            function (options, onError) {","            /*","             * this function will test buildCustomOrg's default handling-behavior","             */","                options = {};","                local.buildCustomOrg(options, onError);","            };","","        local.testCase_buildLib_default = local.testCase_buildLib_default || function (","            options,","            onError","        ) {","        /*","         * this function will test buildLib's default handling-behavior","         */","            options = {};","            local.buildLib(options, onError);","        };","","        local.testCase_buildReadme_default = local.testCase_buildReadme_default || function (","            options,","            onError","        ) {","        /*","         * this function will test buildReadme's default handling-behavior-behavior","         */","            options = {};","            local.buildReadme(options, onError);","        };","","        local.testCase_buildTest_default = local.testCase_buildTest_default || function (","            options,","            onError","        ) {","        /*","         * this function will test buildTest's default handling-behavior","         */","            options = {};","            local.buildTest(options, onError);","        };","","        local.testCase_webpage_default = local.testCase_webpage_default || function (","            options,","            onError","        ) {","        /*","         * this function will test webpage's default handling-behavior","         */","            options = { modeCoverageMerge: true, url: local.serverLocalHost + '?modeTest=1' };","            local.browserTest(options, onError);","        };","","        // run test-server","        local.testRunServer(local);","        break;","    }","}());",""],"l":{"12":2,"14":2,"19":2,"21":2,"23":2,"24":2,"25":2,"30":1,"37":2,"40":2,"43":1,"47":1,"50":1,"52":1,"55":2,"61":2,"62":2,"64":2,"70":1,"76":1,"82":2,"83":2,"85":2,"91":1,"98":1,"102":1,"105":1,"112":1,"119":1,"120":1,"123":1,"130":1,"131":1,"132":1,"133":1,"134":1,"135":1,"138":1,"143":2,"144":2,"147":1,"154":2,"155":2,"158":1,"165":2,"166":2,"169":1,"176":2,"177":2,"180":1,"187":1,"188":1,"192":1,"193":1}},"/home/travis/build/npmtest/node-npmtest-grunt-search/lib.npmtest_grunt_search.js":{"path":"/home/travis/build/npmtest/node-npmtest-grunt-search/lib.npmtest_grunt_search.js","s":{"1":2,"2":2,"3":2,"4":2,"5":2,"6":2,"7":2,"8":1,"9":2,"10":2,"11":2,"12":2,"13":1,"14":1,"15":1,"16":1},"b":{"1":[2,1,1,1],"2":[1,1,1,1],"3":[1,1],"4":[2,2],"5":[1,1]},"f":{"1":2,"2":2,"3":2},"fnMap":{"1":{"name":"(anonymous_1)","line":12,"loc":{"start":{"line":12,"column":1},"end":{"line":12,"column":13}}},"2":{"name":"(anonymous_2)","line":19,"loc":{"start":{"line":19,"column":5},"end":{"line":19,"column":17}}},"3":{"name":"(anonymous_3)","line":23,"loc":{"start":{"line":23,"column":24},"end":{"line":23,"column":36}}}},"statementMap":{"1":{"start":{"line":12,"column":0},"end":{"line":53,"column":5}},"2":{"start":{"line":14,"column":4},"end":{"line":14,"column":14}},"3":{"start":{"line":19,"column":4},"end":{"line":52,"column":9}},"4":{"start":{"line":21,"column":8},"end":{"line":21,"column":19}},"5":{"start":{"line":23,"column":8},"end":{"line":35,"column":13}},"6":{"start":{"line":24,"column":12},"end":{"line":34,"column":13}},"7":{"start":{"line":25,"column":16},"end":{"line":28,"column":30}},"8":{"start":{"line":30,"column":16},"end":{"line":33,"column":27}},"9":{"start":{"line":37,"column":8},"end":{"line":39,"column":21}},"10":{"start":{"line":41,"column":8},"end":{"line":41,"column":54}},"11":{"start":{"line":43,"column":8},"end":{"line":43,"column":57}},"12":{"start":{"line":45,"column":8},"end":{"line":51,"column":9}},"13":{"start":{"line":46,"column":12},"end":{"line":46,"column":63}},"14":{"start":{"line":48,"column":12},"end":{"line":48,"column":35}},"15":{"start":{"line":49,"column":12},"end":{"line":49,"column":49}},"16":{"start":{"line":50,"column":12},"end":{"line":50,"column":43}}},"branchMap":{"1":{"line":25,"type":"binary-expr","locations":[{"start":{"line":25,"column":23},"end":{"line":25,"column":62}},{"start":{"line":26,"column":20},"end":{"line":26,"column":70}},{"start":{"line":27,"column":20},"end":{"line":27,"column":71}},{"start":{"line":28,"column":20},"end":{"line":28,"column":29}}]},"2":{"line":30,"type":"binary-expr","locations":[{"start":{"line":30,"column":23},"end":{"line":30,"column":37}},{"start":{"line":31,"column":20},"end":{"line":31,"column":61}},{"start":{"line":32,"column":20},"end":{"line":32,"column":70}},{"start":{"line":33,"column":20},"end":{"line":33,"column":26}}]},"3":{"line":37,"type":"cond-expr","locations":[{"start":{"line":38,"column":14},"end":{"line":38,"column":20}},{"start":{"line":39,"column":14},"end":{"line":39,"column":20}}]},"4":{"line":41,"type":"binary-expr","locations":[{"start":{"line":41,"column":16},"end":{"line":41,"column":44}},{"start":{"line":41,"column":48},"end":{"line":41,"column":53}}]},"5":{"line":45,"type":"if","locations":[{"start":{"line":45,"column":8},"end":{"line":45,"column":8}},{"start":{"line":45,"column":8},"end":{"line":45,"column":8}}]}},"code":["/* istanbul instrument in package npmtest_grunt_search */","/*jslint","    bitwise: true,","    browser: true,","    maxerr: 8,","    maxlen: 96,","    node: true,","    nomen: true,","    regexp: true,","    stupid: true","*/","(function () {","    'use strict';","    var local;","","","","    // run shared js-env code - pre-init","    (function () {","        // init local","        local = {};","        // init modeJs","        local.modeJs = (function () {","            try {","                return typeof navigator.userAgent === 'string' &&","                    typeof document.querySelector('body') === 'object' &&","                    typeof XMLHttpRequest.prototype.open === 'function' &&","                    'browser';","            } catch (errorCaughtBrowser) {","                return module.exports &&","                    typeof process.versions.node === 'string' &&","                    typeof require('http').createServer === 'function' &&","                    'node';","            }","        }());","        // init global","        local.global = local.modeJs === 'browser'","            ? window","            : global;","        // init utility2_rollup","        local = local.global.utility2_rollup || local;","        // init lib","        local.local = local.npmtest_grunt_search = local;","        // init exports","        if (local.modeJs === 'browser') {","            local.global.utility2_npmtest_grunt_search = local;","        } else {","            module.exports = local;","            module.exports.__dirname = __dirname;","            module.exports.module = module;","        }","    }());","}());",""],"l":{"12":2,"14":2,"19":2,"21":2,"23":2,"24":2,"25":2,"30":1,"37":2,"41":2,"43":2,"45":2,"46":1,"48":1,"49":1,"50":1}},"/home/travis/build/npmtest/node-npmtest-grunt-search/example.js":{"path":"/home/travis/build/npmtest/node-npmtest-grunt-search/example.js","s":{"1":2,"2":2,"3":2,"4":2,"5":2,"6":2,"7":2,"8":1,"9":2,"10":2,"11":2,"12":2,"13":1,"14":2,"15":2,"16":2,"17":2,"18":2,"19":0,"20":2,"21":1,"22":1,"23":1,"24":1,"25":1,"26":0,"27":0,"28":1,"29":1,"30":2,"31":0,"32":0,"33":0,"34":1,"35":2,"36":2,"37":3,"38":3,"39":3,"40":3,"41":0,"42":3,"43":3,"44":3,"45":1,"46":3,"47":1,"48":1,"49":1,"50":1,"51":1,"52":1,"53":1,"54":1,"55":1,"56":1,"57":0,"58":1,"59":6,"60":6,"61":1,"62":2,"63":0,"64":2,"65":1,"66":1,"67":0,"68":0,"69":0,"70":0,"71":0,"72":0,"73":0,"74":0,"75":0,"76":0,"77":0,"78":0,"79":0,"80":0,"81":0,"82":0,"83":0},"b":{"1":[2,1,1,1],"2":[1,1,1,1],"3":[1,1],"4":[2,2],"5":[1,1],"6":[1,1],"7":[2,0],"8":[2,1,1,1,1,1],"9":[0,2,0],"10":[1,1],"11":[2,1,1],"12":[1,0],"13":[0,2],"14":[2,0,0,0,0,0,0],"15":[0,3],"16":[3,0],"17":[1,1],"18":[0,1],"19":[1,2,0,2],"20":[1,0],"21":[1,1],"22":[0,0],"23":[0,0],"24":[0,0],"25":[0,0],"26":[0,0],"27":[0,0],"28":[0,0]},"f":{"1":2,"2":2,"3":2,"4":2,"5":2,"6":2,"7":3,"8":3,"9":3,"10":1,"11":6,"12":0},"fnMap":{"1":{"name":"(anonymous_1)","line":26,"loc":{"start":{"line":26,"column":1},"end":{"line":26,"column":13}}},"2":{"name":"(anonymous_2)","line":33,"loc":{"start":{"line":33,"column":5},"end":{"line":33,"column":17}}},"3":{"name":"(anonymous_3)","line":37,"loc":{"start":{"line":37,"column":24},"end":{"line":37,"column":36}}},"4":{"name":"(anonymous_4)","line":69,"loc":{"start":{"line":69,"column":31},"end":{"line":69,"column":48}},"skip":true},"5":{"name":"(anonymous_5)","line":78,"loc":{"start":{"line":78,"column":26},"end":{"line":78,"column":45}},"skip":true},"6":{"name":"(anonymous_6)","line":123,"loc":{"start":{"line":123,"column":33},"end":{"line":123,"column":48}},"skip":true},"7":{"name":"(anonymous_7)","line":125,"loc":{"start":{"line":125,"column":27},"end":{"line":125,"column":39}},"skip":true},"8":{"name":"(anonymous_8)","line":133,"loc":{"start":{"line":133,"column":59},"end":{"line":133,"column":74}},"skip":true},"9":{"name":"(anonymous_9)","line":143,"loc":{"start":{"line":143,"column":45},"end":{"line":143,"column":62}},"skip":true},"10":{"name":"(anonymous_10)","line":144,"loc":{"start":{"line":144,"column":73},"end":{"line":144,"column":92}},"skip":true},"11":{"name":"(anonymous_11)","line":272,"loc":{"start":{"line":272,"column":51},"end":{"line":272,"column":77}},"skip":true},"12":{"name":"(anonymous_12)","line":315,"loc":{"start":{"line":315,"column":32},"end":{"line":315,"column":61}},"skip":true}},"statementMap":{"1":{"start":{"line":26,"column":0},"end":{"line":326,"column":5}},"2":{"start":{"line":28,"column":4},"end":{"line":28,"column":14}},"3":{"start":{"line":33,"column":4},"end":{"line":60,"column":9}},"4":{"start":{"line":35,"column":8},"end":{"line":35,"column":19}},"5":{"start":{"line":37,"column":8},"end":{"line":49,"column":13}},"6":{"start":{"line":38,"column":12},"end":{"line":48,"column":13}},"7":{"start":{"line":39,"column":16},"end":{"line":42,"column":30}},"8":{"start":{"line":44,"column":16},"end":{"line":47,"column":27}},"9":{"start":{"line":51,"column":8},"end":{"line":53,"column":21}},"10":{"start":{"line":55,"column":8},"end":{"line":57,"column":45}},"11":{"start":{"line":59,"column":8},"end":{"line":59,"column":35}},"12":{"start":{"line":61,"column":4},"end":{"line":325,"column":5}},"13":{"start":{"line":69,"column":8},"end":{"line":121,"column":10},"skip":true},"14":{"start":{"line":70,"column":12},"end":{"line":88,"column":13},"skip":true},"15":{"start":{"line":76,"column":16},"end":{"line":87,"column":19},"skip":true},"16":{"start":{"line":79,"column":20},"end":{"line":86,"column":21},"skip":true},"17":{"start":{"line":82,"column":24},"end":{"line":82,"column":43},"skip":true},"18":{"start":{"line":83,"column":24},"end":{"line":83,"column":30},"skip":true},"19":{"start":{"line":85,"column":24},"end":{"line":85,"column":49},"skip":true},"20":{"start":{"line":89,"column":12},"end":{"line":107,"column":13},"skip":true},"21":{"start":{"line":92,"column":16},"end":{"line":102,"column":17},"skip":true},"22":{"start":{"line":93,"column":20},"end":{"line":93,"column":86},"skip":true},"23":{"start":{"line":94,"column":20},"end":{"line":95,"column":45},"skip":true},"24":{"start":{"line":96,"column":20},"end":{"line":96,"column":42},"skip":true},"25":{"start":{"line":97,"column":20},"end":{"line":97,"column":48},"skip":true},"26":{"start":{"line":100,"column":20},"end":{"line":100,"column":85},"skip":true},"27":{"start":{"line":101,"column":20},"end":{"line":101,"column":96},"skip":true},"28":{"start":{"line":103,"column":16},"end":{"line":103,"column":22},"skip":true},"29":{"start":{"line":106,"column":16},"end":{"line":106,"column":22},"skip":true},"30":{"start":{"line":108,"column":12},"end":{"line":120,"column":13},"skip":true},"31":{"start":{"line":114,"column":16},"end":{"line":119,"column":17},"skip":true},"32":{"start":{"line":116,"column":20},"end":{"line":116,"column":78},"skip":true},"33":{"start":{"line":118,"column":20},"end":{"line":118,"column":47},"skip":true},"34":{"start":{"line":123,"column":8},"end":{"line":141,"column":11},"skip":true},"35":{"start":{"line":124,"column":12},"end":{"line":124,"column":54},"skip":true},"36":{"start":{"line":125,"column":12},"end":{"line":140,"column":14},"skip":true},"37":{"start":{"line":126,"column":16},"end":{"line":126,"column":28},"skip":true},"38":{"start":{"line":127,"column":16},"end":{"line":127,"column":69},"skip":true},"39":{"start":{"line":128,"column":16},"end":{"line":128,"column":75},"skip":true},"40":{"start":{"line":129,"column":16},"end":{"line":131,"column":17},"skip":true},"41":{"start":{"line":130,"column":20},"end":{"line":130,"column":27},"skip":true},"42":{"start":{"line":133,"column":16},"end":{"line":137,"column":36},"skip":true},"43":{"start":{"line":134,"column":20},"end":{"line":136,"column":55},"skip":true},"44":{"start":{"line":139,"column":16},"end":{"line":139,"column":57},"skip":true},"45":{"start":{"line":143,"column":8},"end":{"line":147,"column":11},"skip":true},"46":{"start":{"line":144,"column":12},"end":{"line":146,"column":15},"skip":true},"47":{"start":{"line":145,"column":16},"end":{"line":145,"column":70},"skip":true},"48":{"start":{"line":149,"column":8},"end":{"line":149,"column":31},"skip":true},"49":{"start":{"line":150,"column":8},"end":{"line":150,"column":14},"skip":true},"50":{"start":{"line":158,"column":8},"end":{"line":158,"column":31},"skip":true},"51":{"start":{"line":160,"column":8},"end":{"line":160,"column":33},"skip":true},"52":{"start":{"line":161,"column":8},"end":{"line":161,"column":37},"skip":true},"53":{"start":{"line":162,"column":8},"end":{"line":162,"column":35},"skip":true},"54":{"start":{"line":164,"column":8},"end":{"line":164,"column":50},"skip":true},"55":{"start":{"line":166,"column":8},"end":{"line":256,"column":2},"skip":true},"56":{"start":{"line":258,"column":8},"end":{"line":286,"column":9},"skip":true},"57":{"start":{"line":259,"column":12},"end":{"line":269,"column":14},"skip":true},"58":{"start":{"line":271,"column":12},"end":{"line":285,"column":19},"skip":true},"59":{"start":{"line":274,"column":20},"end":{"line":274,"column":35},"skip":true},"60":{"start":{"line":275,"column":20},"end":{"line":284,"column":21},"skip":true},"61":{"start":{"line":277,"column":24},"end":{"line":277,"column":64},"skip":true},"62":{"start":{"line":279,"column":24},"end":{"line":279,"column":40},"skip":true},"63":{"start":{"line":281,"column":24},"end":{"line":281,"column":40},"skip":true},"64":{"start":{"line":283,"column":24},"end":{"line":283,"column":39},"skip":true},"65":{"start":{"line":288,"column":8},"end":{"line":290,"column":9},"skip":true},"66":{"start":{"line":289,"column":12},"end":{"line":289,"column":18},"skip":true},"67":{"start":{"line":291,"column":8},"end":{"line":293,"column":54},"skip":true},"68":{"start":{"line":296,"column":8},"end":{"line":301,"column":37},"skip":true},"69":{"start":{"line":303,"column":8},"end":{"line":303,"column":82},"skip":true},"70":{"start":{"line":306,"column":8},"end":{"line":308,"column":9},"skip":true},"71":{"start":{"line":307,"column":12},"end":{"line":307,"column":82},"skip":true},"72":{"start":{"line":310,"column":8},"end":{"line":312,"column":9},"skip":true},"73":{"start":{"line":311,"column":12},"end":{"line":311,"column":18},"skip":true},"74":{"start":{"line":313,"column":8},"end":{"line":313,"column":54},"skip":true},"75":{"start":{"line":314,"column":8},"end":{"line":314,"column":69},"skip":true},"76":{"start":{"line":315,"column":8},"end":{"line":323,"column":36},"skip":true},"77":{"start":{"line":316,"column":12},"end":{"line":316,"column":61},"skip":true},"78":{"start":{"line":317,"column":12},"end":{"line":320,"column":13},"skip":true},"79":{"start":{"line":318,"column":16},"end":{"line":318,"column":75},"skip":true},"80":{"start":{"line":319,"column":16},"end":{"line":319,"column":23},"skip":true},"81":{"start":{"line":321,"column":12},"end":{"line":321,"column":38},"skip":true},"82":{"start":{"line":322,"column":12},"end":{"line":322,"column":27},"skip":true},"83":{"start":{"line":324,"column":8},"end":{"line":324,"column":14},"skip":true}},"branchMap":{"1":{"line":39,"type":"binary-expr","locations":[{"start":{"line":39,"column":23},"end":{"line":39,"column":62}},{"start":{"line":40,"column":20},"end":{"line":40,"column":70}},{"start":{"line":41,"column":20},"end":{"line":41,"column":71}},{"start":{"line":42,"column":20},"end":{"line":42,"column":29}}]},"2":{"line":44,"type":"binary-expr","locations":[{"start":{"line":44,"column":23},"end":{"line":44,"column":37}},{"start":{"line":45,"column":20},"end":{"line":45,"column":61}},{"start":{"line":46,"column":20},"end":{"line":46,"column":70}},{"start":{"line":47,"column":20},"end":{"line":47,"column":26}}]},"3":{"line":51,"type":"cond-expr","locations":[{"start":{"line":52,"column":14},"end":{"line":52,"column":20}},{"start":{"line":53,"column":14},"end":{"line":53,"column":20}}]},"4":{"line":55,"type":"binary-expr","locations":[{"start":{"line":55,"column":16},"end":{"line":55,"column":44}},{"start":{"line":55,"column":49},"end":{"line":57,"column":43}}]},"5":{"line":55,"type":"cond-expr","locations":[{"start":{"line":56,"column":14},"end":{"line":56,"column":56}},{"start":{"line":57,"column":14},"end":{"line":57,"column":43}}]},"6":{"line":61,"type":"switch","locations":[{"start":{"line":68,"column":4},"end":{"line":150,"column":14},"skip":true},{"start":{"line":156,"column":4},"end":{"line":324,"column":14},"skip":true}]},"7":{"line":70,"type":"if","locations":[{"start":{"line":70,"column":12},"end":{"line":70,"column":12},"skip":true},{"start":{"line":70,"column":12},"end":{"line":70,"column":12},"skip":true}]},"8":{"line":70,"type":"binary-expr","locations":[{"start":{"line":70,"column":16},"end":{"line":70,"column":22},"skip":true},{"start":{"line":70,"column":27},"end":{"line":70,"column":32},"skip":true},{"start":{"line":71,"column":20},"end":{"line":71,"column":39},"skip":true},{"start":{"line":72,"column":20},"end":{"line":72,"column":49},"skip":true},{"start":{"line":73,"column":20},"end":{"line":73,"column":58},"skip":true},{"start":{"line":74,"column":20},"end":{"line":74,"column":69},"skip":true}]},"9":{"line":79,"type":"switch","locations":[{"start":{"line":80,"column":20},"end":{"line":80,"column":33},"skip":true},{"start":{"line":81,"column":20},"end":{"line":83,"column":30},"skip":true},{"start":{"line":84,"column":20},"end":{"line":85,"column":49},"skip":true}]},"10":{"line":89,"type":"switch","locations":[{"start":{"line":90,"column":12},"end":{"line":103,"column":22},"skip":true},{"start":{"line":105,"column":12},"end":{"line":106,"column":22},"skip":true}]},"11":{"line":89,"type":"binary-expr","locations":[{"start":{"line":89,"column":20},"end":{"line":89,"column":25},"skip":true},{"start":{"line":89,"column":29},"end":{"line":89,"column":48},"skip":true},{"start":{"line":89,"column":52},"end":{"line":89,"column":74},"skip":true}]},"12":{"line":92,"type":"if","locations":[{"start":{"line":92,"column":16},"end":{"line":92,"column":16},"skip":true},{"start":{"line":92,"column":16},"end":{"line":92,"column":16},"skip":true}]},"13":{"line":108,"type":"if","locations":[{"start":{"line":108,"column":12},"end":{"line":108,"column":12},"skip":true},{"start":{"line":108,"column":12},"end":{"line":108,"column":12},"skip":true}]},"14":{"line":108,"type":"binary-expr","locations":[{"start":{"line":108,"column":16},"end":{"line":108,"column":61},"skip":true},{"start":{"line":108,"column":66},"end":{"line":108,"column":72},"skip":true},{"start":{"line":108,"column":77},"end":{"line":108,"column":82},"skip":true},{"start":{"line":109,"column":20},"end":{"line":109,"column":39},"skip":true},{"start":{"line":110,"column":20},"end":{"line":110,"column":49},"skip":true},{"start":{"line":111,"column":20},"end":{"line":111,"column":58},"skip":true},{"start":{"line":112,"column":20},"end":{"line":112,"column":68},"skip":true}]},"15":{"line":129,"type":"if","locations":[{"start":{"line":129,"column":16},"end":{"line":129,"column":16},"skip":true},{"start":{"line":129,"column":16},"end":{"line":129,"column":16},"skip":true}]},"16":{"line":134,"type":"cond-expr","locations":[{"start":{"line":135,"column":26},"end":{"line":135,"column":29},"skip":true},{"start":{"line":136,"column":26},"end":{"line":136,"column":54},"skip":true}]},"17":{"line":164,"type":"binary-expr","locations":[{"start":{"line":164,"column":27},"end":{"line":164,"column":43},"skip":true},{"start":{"line":164,"column":47},"end":{"line":164,"column":49},"skip":true}]},"18":{"line":258,"type":"if","locations":[{"start":{"line":258,"column":8},"end":{"line":258,"column":8},"skip":true},{"start":{"line":258,"column":8},"end":{"line":258,"column":8},"skip":true}]},"19":{"line":275,"type":"switch","locations":[{"start":{"line":276,"column":20},"end":{"line":277,"column":64},"skip":true},{"start":{"line":278,"column":20},"end":{"line":279,"column":40},"skip":true},{"start":{"line":280,"column":20},"end":{"line":281,"column":40},"skip":true},{"start":{"line":282,"column":20},"end":{"line":283,"column":39},"skip":true}]},"20":{"line":288,"type":"if","locations":[{"start":{"line":288,"column":8},"end":{"line":288,"column":8},"skip":true},{"start":{"line":288,"column":8},"end":{"line":288,"column":8},"skip":true}]},"21":{"line":288,"type":"binary-expr","locations":[{"start":{"line":288,"column":12},"end":{"line":288,"column":40},"skip":true},{"start":{"line":288,"column":44},"end":{"line":288,"column":67},"skip":true}]},"22":{"line":292,"type":"binary-expr","locations":[{"start":{"line":292,"column":12},"end":{"line":292,"column":50},"skip":true},{"start":{"line":293,"column":12},"end":{"line":293,"column":53},"skip":true}]},"23":{"line":297,"type":"binary-expr","locations":[{"start":{"line":297,"column":12},"end":{"line":297,"column":70},"skip":true},{"start":{"line":298,"column":12},"end":{"line":301,"column":36},"skip":true}]},"24":{"line":303,"type":"binary-expr","locations":[{"start":{"line":303,"column":43},"end":{"line":303,"column":75},"skip":true},{"start":{"line":303,"column":79},"end":{"line":303,"column":81},"skip":true}]},"25":{"line":306,"type":"if","locations":[{"start":{"line":306,"column":8},"end":{"line":306,"column":8},"skip":true},{"start":{"line":306,"column":8},"end":{"line":306,"column":8},"skip":true}]},"26":{"line":310,"type":"if","locations":[{"start":{"line":310,"column":8},"end":{"line":310,"column":8},"skip":true},{"start":{"line":310,"column":8},"end":{"line":310,"column":8},"skip":true}]},"27":{"line":313,"type":"binary-expr","locations":[{"start":{"line":313,"column":27},"end":{"line":313,"column":43},"skip":true},{"start":{"line":313,"column":47},"end":{"line":313,"column":53},"skip":true}]},"28":{"line":317,"type":"if","locations":[{"start":{"line":317,"column":12},"end":{"line":317,"column":12},"skip":true},{"start":{"line":317,"column":12},"end":{"line":317,"column":12},"skip":true}]}},"code":["/*","example.js","","quickstart example","","instruction","    1. save this script as example.js","    2. run the shell command:","        $ npm install npmtest-grunt-search && PORT=8081 node example.js","    3. play with the browser-demo on http://127.0.0.1:8081","*/","","","","/* istanbul instrument in package npmtest_grunt_search */","/*jslint","    bitwise: true,","    browser: true,","    maxerr: 8,","    maxlen: 96,","    node: true,","    nomen: true,","    regexp: true,","    stupid: true","*/","(function () {","    'use strict';","    var local;","","","","    // run shared js-env code - pre-init","    (function () {","        // init local","        local = {};","        // init modeJs","        local.modeJs = (function () {","            try {","                return typeof navigator.userAgent === 'string' &&","                    typeof document.querySelector('body') === 'object' &&","                    typeof XMLHttpRequest.prototype.open === 'function' &&","                    'browser';","            } catch (errorCaughtBrowser) {","                return module.exports &&","                    typeof process.versions.node === 'string' &&","                    typeof require('http').createServer === 'function' &&","                    'node';","            }","        }());","        // init global","        local.global = local.modeJs === 'browser'","            ? window","            : global;","        // init utility2_rollup","        local = local.global.utility2_rollup || (local.modeJs === 'browser'","            ? local.global.utility2_npmtest_grunt_search","            : global.utility2_moduleExports);","        // export local","        local.global.local = local;","    }());","    switch (local.modeJs) {","","","","    // post-init","    // run browser js-env code - post-init","    /* istanbul ignore next */","    case 'browser':","        local.testRunBrowser = function (event) {","            if (!event || (event &&","                    event.currentTarget &&","                    event.currentTarget.className &&","                    event.currentTarget.className.includes &&","                    event.currentTarget.className.includes('onreset'))) {","                // reset output","                Array.from(","                    document.querySelectorAll('body > .resettable')","                ).forEach(function (element) {","                    switch (element.tagName) {","                    case 'INPUT':","                    case 'TEXTAREA':","                        element.value = '';","                        break;","                    default:","                        element.textContent = '';","                    }","                });","            }","            switch (event && event.currentTarget && event.currentTarget.id) {","            case 'testRunButton1':","                // show tests","                if (document.querySelector('#testReportDiv1').style.display === 'none') {","                    document.querySelector('#testReportDiv1').style.display = 'block';","                    document.querySelector('#testRunButton1').textContent =","                        'hide internal test';","                    local.modeTest = true;","                    local.testRunDefault(local);","                // hide tests","                } else {","                    document.querySelector('#testReportDiv1').style.display = 'none';","                    document.querySelector('#testRunButton1').textContent = 'run internal test';","                }","                break;","            // custom-case","            default:","                break;","            }","            if (document.querySelector('#inputTextareaEval1') && (!event || (event &&","                    event.currentTarget &&","                    event.currentTarget.className &&","                    event.currentTarget.className.includes &&","                    event.currentTarget.className.includes('oneval')))) {","                // try to eval input-code","                try {","                    /*jslint evil: true*/","                    eval(document.querySelector('#inputTextareaEval1').value);","                } catch (errorCaught) {","                    console.error(errorCaught);","                }","            }","        };","        // log stderr and stdout to #outputTextareaStdout1","        ['error', 'log'].forEach(function (key) {","            console[key + '_original'] = console[key];","            console[key] = function () {","                var element;","                console[key + '_original'].apply(console, arguments);","                element = document.querySelector('#outputTextareaStdout1');","                if (!element) {","                    return;","                }","                // append text to #outputTextareaStdout1","                element.value += Array.from(arguments).map(function (arg) {","                    return typeof arg === 'string'","                        ? arg","                        : JSON.stringify(arg, null, 4);","                }).join(' ') + '\\n';","                // scroll textarea to bottom","                element.scrollTop = element.scrollHeight;","            };","        });","        // init event-handling","        ['change', 'click', 'keyup'].forEach(function (event) {","            Array.from(document.querySelectorAll('.on' + event)).forEach(function (element) {","                element.addEventListener(event, local.testRunBrowser);","            });","        });","        // run tests","        local.testRunBrowser();","        break;","","","","    // run node js-env code - post-init","    /* istanbul ignore next */","    case 'node':","        // export local","        module.exports = local;","        // require modules","        local.fs = require('fs');","        local.http = require('http');","        local.url = require('url');","        // init assets","        local.assetsDict = local.assetsDict || {};","        /* jslint-ignore-begin */","        local.assetsDict['/assets.index.template.html'] = '\\","<!doctype html>\\n\\","<html lang=\"en\">\\n\\","<head>\\n\\","<meta charset=\"UTF-8\">\\n\\","<meta name=\"viewport\" content=\"width=device-width, initial-scale=1\">\\n\\","<title>{{env.npm_package_name}} (v{{env.npm_package_version}})</title>\\n\\","<style>\\n\\","/*csslint\\n\\","    box-sizing: false,\\n\\","    universal-selector: false\\n\\","*/\\n\\","* {\\n\\","    box-sizing: border-box;\\n\\","}\\n\\","body {\\n\\","    background: #dde;\\n\\","    font-family: Arial, Helvetica, sans-serif;\\n\\","    margin: 2rem;\\n\\","}\\n\\","body > * {\\n\\","    margin-bottom: 1rem;\\n\\","}\\n\\",".utility2FooterDiv {\\n\\","    margin-top: 20px;\\n\\","    text-align: center;\\n\\","}\\n\\","</style>\\n\\","<style>\\n\\","/*csslint\\n\\","*/\\n\\","textarea {\\n\\","    font-family: monospace;\\n\\","    height: 10rem;\\n\\","    width: 100%;\\n\\","}\\n\\","textarea[readonly] {\\n\\","    background: #ddd;\\n\\","}\\n\\","</style>\\n\\","</head>\\n\\","<body>\\n\\","<!-- utility2-comment\\n\\","<div id=\"ajaxProgressDiv1\" style=\"background: #d00; height: 2px; left: 0; margin: 0; padding: 0; position: fixed; top: 0; transition: background 0.5s, width 1.5s; width: 25%;\"></div>\\n\\","utility2-comment -->\\n\\","<h1>\\n\\","<!-- utility2-comment\\n\\","    <a\\n\\","        {{#if env.npm_package_homepage}}\\n\\","        href=\"{{env.npm_package_homepage}}\"\\n\\","        {{/if env.npm_package_homepage}}\\n\\","        target=\"_blank\"\\n\\","    >\\n\\","utility2-comment -->\\n\\","        {{env.npm_package_name}} (v{{env.npm_package_version}})\\n\\","<!-- utility2-comment\\n\\","    </a>\\n\\","utility2-comment -->\\n\\","</h1>\\n\\","<h3>{{env.npm_package_description}}</h3>\\n\\","<!-- utility2-comment\\n\\","<h4><a download href=\"assets.app.js\">download standalone app</a></h4>\\n\\","<button class=\"onclick onreset\" id=\"testRunButton1\">run internal test</button><br>\\n\\","<div id=\"testReportDiv1\" style=\"display: none;\"></div>\\n\\","utility2-comment -->\\n\\","\\n\\","\\n\\","\\n\\","<label>stderr and stdout</label>\\n\\","<textarea class=\"resettable\" id=\"outputTextareaStdout1\" readonly></textarea>\\n\\","<!-- utility2-comment\\n\\","{{#if isRollup}}\\n\\","<script src=\"assets.app.js\"></script>\\n\\","{{#unless isRollup}}\\n\\","utility2-comment -->\\n\\","<script src=\"assets.utility2.rollup.js\"></script>\\n\\","<script src=\"jsonp.utility2._stateInit?callback=window.utility2._stateInit\"></script>\\n\\","<script src=\"assets.npmtest_grunt_search.rollup.js\"></script>\\n\\","<script src=\"assets.example.js\"></script>\\n\\","<script src=\"assets.test.js\"></script>\\n\\","<!-- utility2-comment\\n\\","{{/if isRollup}}\\n\\","utility2-comment -->\\n\\","<div class=\"utility2FooterDiv\">\\n\\","    [ this app was created with\\n\\","    <a href=\"https://github.com/kaizhu256/node-utility2\" target=\"_blank\">utility2</a>\\n\\","    ]\\n\\","</div>\\n\\","</body>\\n\\","</html>\\n\\","';","        /* jslint-ignore-end */","        if (local.templateRender) {","            local.assetsDict['/'] = local.templateRender(","                local.assetsDict['/assets.index.template.html'],","                {","                    env: local.objectSetDefault(local.env, {","                        npm_package_description: 'the greatest app in the world!',","                        npm_package_name: 'my-app',","                        npm_package_nameAlias: 'my_app',","                        npm_package_version: '0.0.1'","                    })","                }","            );","        } else {","            local.assetsDict['/'] = local.assetsDict['/assets.index.template.html']","                .replace((/\\{\\{env\\.(\\w+?)\\}\\}/g), function (match0, match1) {","                    // jslint-hack","                    String(match0);","                    switch (match1) {","                    case 'npm_package_description':","                        return 'the greatest app in the world!';","                    case 'npm_package_name':","                        return 'my-app';","                    case 'npm_package_nameAlias':","                        return 'my_app';","                    case 'npm_package_version':","                        return '0.0.1';","                    }","                });","        }","        // run the cli","        if (local.global.utility2_rollup || module !== require.main) {","            break;","        }","        local.assetsDict['/assets.example.js'] =","            local.assetsDict['/assets.example.js'] ||","            local.fs.readFileSync(__filename, 'utf8');","        // bug-workaround - long $npm_package_buildCustomOrg","        /* jslint-ignore-begin */","        local.assetsDict['/assets.npmtest_grunt_search.rollup.js'] =","            local.assetsDict['/assets.npmtest_grunt_search.rollup.js'] ||","            local.fs.readFileSync(","                local.npmtest_grunt_search.__dirname + '/lib.npmtest_grunt_search.js',","                'utf8'","            ).replace((/^#!/), '//');","        /* jslint-ignore-end */","        local.assetsDict['/favicon.ico'] = local.assetsDict['/favicon.ico'] || '';","        // if $npm_config_timeout_exit exists,","        // then exit this process after $npm_config_timeout_exit ms","        if (Number(process.env.npm_config_timeout_exit)) {","            setTimeout(process.exit, Number(process.env.npm_config_timeout_exit));","        }","        // start server","        if (local.global.utility2_serverHttp1) {","            break;","        }","        process.env.PORT = process.env.PORT || '8081';","        console.error('server starting on port ' + process.env.PORT);","        local.http.createServer(function (request, response) {","            request.urlParsed = local.url.parse(request.url);","            if (local.assetsDict[request.urlParsed.pathname] !== undefined) {","                response.end(local.assetsDict[request.urlParsed.pathname]);","                return;","            }","            response.statusCode = 404;","            response.end();","        }).listen(process.env.PORT);","        break;","    }","}());",""],"l":{"26":2,"28":2,"33":2,"35":2,"37":2,"38":2,"39":2,"44":1,"51":2,"55":2,"59":2,"61":2,"69":1,"70":2,"76":2,"79":2,"82":2,"83":2,"85":1,"89":2,"92":1,"93":1,"94":1,"96":1,"97":1,"100":1,"101":1,"103":1,"106":1,"108":2,"114":1,"116":1,"118":1,"123":1,"124":2,"125":2,"126":3,"127":3,"128":3,"129":3,"130":1,"133":3,"134":3,"139":3,"143":1,"144":3,"145":1,"149":1,"150":1,"158":1,"160":1,"161":1,"162":1,"164":1,"166":1,"258":1,"259":1,"271":1,"274":6,"275":6,"277":1,"279":2,"281":1,"283":2,"288":1,"289":1,"291":1,"296":1,"303":1,"306":1,"307":1,"310":1,"311":1,"313":1,"314":1,"315":1,"316":1,"317":1,"318":1,"319":1,"321":1,"322":1,"324":1}},"/home/travis/build/npmtest/node-npmtest-grunt-search/node_modules/grunt-search/Gruntfile.js":{"path":"/home/travis/build/npmtest/node-npmtest-grunt-search/node_modules/grunt-search/Gruntfile.js","s":{"1":1,"2":0,"3":0,"4":0,"5":0,"6":0,"7":0,"8":0,"9":0},"b":{},"f":{"1":0,"2":0},"fnMap":{"1":{"name":"(anonymous_1)","line":11,"loc":{"start":{"line":11,"column":17},"end":{"line":11,"column":33}}},"2":{"name":"(anonymous_2)","line":83,"loc":{"start":{"line":83,"column":30},"end":{"line":83,"column":47}}}},"statementMap":{"1":{"start":{"line":11,"column":0},"end":{"line":110,"column":2}},"2":{"start":{"line":13,"column":1},"end":{"line":97,"column":4}},"3":{"start":{"line":87,"column":6},"end":{"line":87,"column":26}},"4":{"start":{"line":99,"column":1},"end":{"line":99,"column":26}},"5":{"start":{"line":101,"column":1},"end":{"line":101,"column":43}},"6":{"start":{"line":102,"column":1},"end":{"line":102,"column":46}},"7":{"start":{"line":103,"column":1},"end":{"line":103,"column":44}},"8":{"start":{"line":106,"column":1},"end":{"line":106,"column":71}},"9":{"start":{"line":109,"column":1},"end":{"line":109,"column":51}}},"branchMap":{},"code":["/*"," * grunt-search"," * https://github.com/benkeen/grunt-search"," *"," * Copyright (c) 2015 Ben Keen"," * Licensed under the MIT license."," */","","\"use strict\";","","module.exports = function(grunt) {","","\tgrunt.initConfig({","","\t\t// before generating any new files, remove any previously-created files","\t\tclean: {","\t\t\ttests: ['test/tmp']","\t\t},","","\t\tjshint: {","\t\t\tall: ['Gruntfile.js', 'tasks/search.js'],","\t\t\toptions: {","\t\t\t\tforce: true,","\t\t\t\tcurly: false,","\t\t\t\teqeqeq: false,","\t\t\t\timmed: false,","\t\t\t\tlatedef: true,","\t\t\t\tnewcap: false,","\t\t\t\tnoarg: true,","\t\t\t\tsub: true,","\t\t\t\tundef: true,","\t\t\t\tboss: true,","\t\t\t\teqnull: true,","\t\t\t\tnode: true,","\t\t\t\tsmarttabs: true,","\t\t\t\tmultistr: true,","\t\t\t\tbrowser: true,","\t\t\t\tonecase: true,","\t\t\t\tasi: true,","\t\t\t\tstrict: false,","\t\t\t\ttrailing: false,","\t\t\t\tnonstandard: true,","\t\t\t\tnoempty: false,","\t\t\t\tshadow: true,","\t\t\t\tglobals: {","\t\t\t\t\tmodule: true","\t\t\t\t}","\t\t\t}","\t\t},","","\t\t// configuration to be run (and then tested)","\t\tsearch: {","\t\t\tdefault: {","\t\t\t\tfiles: {","\t\t\t\t\tsrc: [\"test/test_source.html\"]","\t\t\t\t},","\t\t\t\toptions: {","\t\t\t\t\tsearchString: \"style\",","\t\t\t\t\tlogFile: \"test/tmp/results.json\",","\t\t\t\t\tlogFormat: \"json\",","\t\t\t\t\toutputExaminedFiles: true","\t\t\t\t}","\t\t\t},","","\t\t\tjunit: {","\t\t\t\tfiles: {","\t\t\t\t\tsrc: [\"test/fixtures/file*\", \"!test/fixtures/file3*\"]","\t\t\t\t},","\t\t\t\toptions: {","\t\t\t\t\tsearchString: \"@nocommit\",","\t\t\t\t\tlogFile: \"test/tmp/junit-nocommit.xml\",","\t\t\t\t\tlogFormat: \"junit\"","\t\t\t\t}","\t\t\t},","","\t\t\tcustomLogSearch: {","\t\t\t\tfiles: {","\t\t\t\t\tsrc: [\"test/test_source.html\"]","\t\t\t\t},","\t\t\t\toptions: {","\t\t\t\t\tlogFormat: \"custom\",","\t\t\t\t\tsearchString: [\".net\", \"mon\"],","\t\t\t\t\tcustomLogFormatCallback: function(params) {","","            // here you'd do whatever you want with the data. The console.log() just outputs [Object] for the really","            // interesting parts - but you can access it here","\t\t\t\t\t\tconsole.log(params);","\t\t\t\t\t}","\t\t\t\t}","\t\t\t}","\t\t},","","\t\t// unit tests","\t\tnodeunit: {","\t\t\ttests: ['test/*_test.js']","\t\t}","\t});","","\tgrunt.loadTasks('tasks');","","\tgrunt.loadNpmTasks('grunt-contrib-clean');","\tgrunt.loadNpmTasks('grunt-contrib-nodeunit');","\tgrunt.loadNpmTasks('grunt-contrib-jshint');","","\t// whenever the \"test\" task is run, first clean the \"tmp\" dir, then run this plugin's task(s), then test the result","\tgrunt.registerTask('test', ['jshint', 'clean', 'search', 'nodeunit']);","","\t// by default, lint and run all tests","\tgrunt.registerTask('default', ['search', 'test']);","};",""],"l":{"11":1,"13":0,"87":0,"99":0,"101":0,"102":0,"103":0,"106":0,"109":0}},"/home/travis/build/npmtest/node-npmtest-grunt-search/node_modules/grunt-search/tasks/search.js":{"path":"/home/travis/build/npmtest/node-npmtest-grunt-search/node_modules/grunt-search/tasks/search.js","s":{"1":1,"2":0,"3":0,"4":0,"5":0,"6":0,"7":0,"8":0,"9":0,"10":0,"11":0,"12":0,"13":0,"14":0,"15":0,"16":0,"17":0,"18":0,"19":0,"20":0,"21":0,"22":0,"23":0,"24":0,"25":0,"26":0,"27":0,"28":0,"29":0,"30":0,"31":0,"32":0,"33":0,"34":0,"35":0,"36":0,"37":0,"38":0,"39":0,"40":0,"41":0,"42":0,"43":0,"44":0,"45":0,"46":0,"47":0,"48":0,"49":0,"50":0,"51":0,"52":0,"53":0,"54":0,"55":0,"56":0,"57":0,"58":0,"59":0,"60":0,"61":0,"62":0,"63":0,"64":0,"65":0,"66":0,"67":0,"68":0,"69":0,"70":0,"71":0,"72":0,"73":0,"74":0,"75":0,"76":0,"77":0,"78":0,"79":0,"80":0,"81":0,"82":0,"83":0,"84":0,"85":0,"86":0,"87":0,"88":0,"89":0,"90":0,"91":0,"92":0,"93":0,"94":0,"95":0,"96":0,"97":0,"98":0,"99":0,"100":0,"101":0,"102":0,"103":0,"104":0,"105":0,"106":0,"107":0,"108":0,"109":0,"110":0,"111":0,"112":0,"113":0,"114":0,"115":0,"116":0,"117":0,"118":0,"119":0,"120":0,"121":0,"122":0,"123":0,"124":0,"125":0,"126":0,"127":0,"128":0,"129":0,"130":0,"131":0,"132":0,"133":0,"134":0,"135":0,"136":0,"137":0,"138":1,"139":0,"140":0,"141":1,"142":0,"143":0,"144":0,"145":0,"146":0,"147":0,"148":0,"149":0,"150":0,"151":0,"152":0,"153":0,"154":0,"155":0,"156":0,"157":0,"158":0,"159":0,"160":0,"161":0,"162":1,"163":0,"164":0,"165":0,"166":0},"b":{"1":[0,0],"2":[0,0],"3":[0,0],"4":[0,0],"5":[0,0],"6":[0,0],"7":[0,0],"8":[0,0,0],"9":[0,0],"10":[0,0],"11":[0,0],"12":[0,0,0,0],"13":[0,0],"14":[0,0],"15":[0,0],"16":[0,0],"17":[0,0],"18":[0,0],"19":[0,0],"20":[0,0,0],"21":[0,0],"22":[0,0],"23":[0,0],"24":[0,0],"25":[0,0],"26":[0,0],"27":[0,0],"28":[0,0],"29":[0,0],"30":[0,0],"31":[0,0],"32":[0,0],"33":[0,0],"34":[0,0],"35":[0,0],"36":[0,0,0,0]},"f":{"1":0,"2":0,"3":0,"4":0,"5":0,"6":0,"7":0,"8":0,"9":0,"10":0,"11":0,"12":0,"13":0,"14":0,"15":0,"16":0,"17":0,"18":0,"19":0,"20":0},"fnMap":{"1":{"name":"(anonymous_1)","line":11,"loc":{"start":{"line":11,"column":17},"end":{"line":11,"column":33}}},"2":{"name":"(anonymous_2)","line":13,"loc":{"start":{"line":13,"column":153},"end":{"line":13,"column":164}}},"3":{"name":"(anonymous_3)","line":44,"loc":{"start":{"line":44,"column":33},"end":{"line":44,"column":49}}},"4":{"name":"(anonymous_4)","line":53,"loc":{"start":{"line":53,"column":21},"end":{"line":53,"column":33}}},"5":{"name":"(anonymous_5)","line":57,"loc":{"start":{"line":57,"column":16},"end":{"line":57,"column":35}}},"6":{"name":"(anonymous_6)","line":156,"loc":{"start":{"line":156,"column":24},"end":{"line":156,"column":42}}},"7":{"name":"(anonymous_7)","line":172,"loc":{"start":{"line":172,"column":24},"end":{"line":172,"column":74}}},"8":{"name":"(anonymous_8)","line":213,"loc":{"start":{"line":213,"column":25},"end":{"line":213,"column":75}}},"9":{"name":"(anonymous_9)","line":251,"loc":{"start":{"line":251,"column":24},"end":{"line":251,"column":74}}},"10":{"name":"(anonymous_10)","line":285,"loc":{"start":{"line":285,"column":25},"end":{"line":285,"column":75}}},"11":{"name":"(anonymous_11)","line":309,"loc":{"start":{"line":309,"column":27},"end":{"line":309,"column":38}}},"12":{"name":"failTestCaseXML","line":311,"loc":{"start":{"line":311,"column":2},"end":{"line":311,"column":51}}},"13":{"name":"(anonymous_13)","line":317,"loc":{"start":{"line":317,"column":17},"end":{"line":317,"column":49}}},"14":{"name":"successTestCaseXML","line":328,"loc":{"start":{"line":328,"column":2},"end":{"line":328,"column":45}}},"15":{"name":"(anonymous_15)","line":335,"loc":{"start":{"line":335,"column":9},"end":{"line":335,"column":59}}},"16":{"name":"(anonymous_16)","line":337,"loc":{"start":{"line":337,"column":43},"end":{"line":337,"column":65}}},"17":{"name":"(anonymous_17)","line":378,"loc":{"start":{"line":378,"column":17},"end":{"line":378,"column":31}}},"18":{"name":"(anonymous_18)","line":382,"loc":{"start":{"line":382,"column":25},"end":{"line":382,"column":36}}},"19":{"name":"pad","line":384,"loc":{"start":{"line":384,"column":2},"end":{"line":384,"column":18}}},"20":{"name":"(anonymous_20)","line":395,"loc":{"start":{"line":395,"column":19},"end":{"line":395,"column":33}}}},"statementMap":{"1":{"start":{"line":11,"column":0},"end":{"line":398,"column":2}},"2":{"start":{"line":13,"column":1},"end":{"line":154,"column":4}},"3":{"start":{"line":16,"column":2},"end":{"line":30,"column":5}},"4":{"start":{"line":33,"column":2},"end":{"line":35,"column":3}},"5":{"start":{"line":34,"column":3},"end":{"line":34,"column":10}},"6":{"start":{"line":38,"column":4},"end":{"line":40,"column":5}},"7":{"start":{"line":39,"column":6},"end":{"line":39,"column":52}},"8":{"start":{"line":43,"column":4},"end":{"line":43,"column":32}},"9":{"start":{"line":44,"column":4},"end":{"line":50,"column":7}},"10":{"start":{"line":45,"column":6},"end":{"line":49,"column":7}},"11":{"start":{"line":46,"column":8},"end":{"line":46,"column":83}},"12":{"start":{"line":48,"column":8},"end":{"line":48,"column":66}},"13":{"start":{"line":53,"column":2},"end":{"line":153,"column":5}},"14":{"start":{"line":56,"column":3},"end":{"line":56,"column":22}},"15":{"start":{"line":57,"column":3},"end":{"line":69,"column":6}},"16":{"start":{"line":58,"column":4},"end":{"line":60,"column":5}},"17":{"start":{"line":59,"column":5},"end":{"line":59,"column":12}},"18":{"start":{"line":64,"column":4},"end":{"line":68,"column":5}},"19":{"start":{"line":65,"column":5},"end":{"line":65,"column":65}},"20":{"start":{"line":67,"column":5},"end":{"line":67,"column":30}},"21":{"start":{"line":73,"column":3},"end":{"line":73,"column":20}},"22":{"start":{"line":74,"column":3},"end":{"line":74,"column":22}},"23":{"start":{"line":75,"column":3},"end":{"line":139,"column":4}},"24":{"start":{"line":76,"column":4},"end":{"line":76,"column":28}},"25":{"start":{"line":77,"column":4},"end":{"line":77,"column":36}},"26":{"start":{"line":79,"column":4},"end":{"line":79,"column":32}},"27":{"start":{"line":80,"column":4},"end":{"line":80,"column":24}},"28":{"start":{"line":81,"column":4},"end":{"line":81,"column":26}},"29":{"start":{"line":82,"column":4},"end":{"line":82,"column":27}},"30":{"start":{"line":85,"column":4},"end":{"line":120,"column":5}},"31":{"start":{"line":86,"column":10},"end":{"line":119,"column":11}},"32":{"start":{"line":87,"column":12},"end":{"line":87,"column":57}},"33":{"start":{"line":88,"column":12},"end":{"line":88,"column":72}},"34":{"start":{"line":90,"column":12},"end":{"line":92,"column":13}},"35":{"start":{"line":91,"column":14},"end":{"line":91,"column":23}},"36":{"start":{"line":94,"column":12},"end":{"line":94,"column":30}},"37":{"start":{"line":95,"column":12},"end":{"line":95,"column":31}},"38":{"start":{"line":97,"column":12},"end":{"line":118,"column":13}},"39":{"start":{"line":98,"column":14},"end":{"line":98,"column":48}},"40":{"start":{"line":100,"column":14},"end":{"line":105,"column":16}},"41":{"start":{"line":107,"column":14},"end":{"line":117,"column":15}},"42":{"start":{"line":108,"column":16},"end":{"line":110,"column":17}},"43":{"start":{"line":109,"column":18},"end":{"line":109,"column":37}},"44":{"start":{"line":111,"column":16},"end":{"line":111,"column":112}},"45":{"start":{"line":112,"column":16},"end":{"line":112,"column":29}},"46":{"start":{"line":114,"column":16},"end":{"line":116,"column":17}},"47":{"start":{"line":115,"column":18},"end":{"line":115,"column":45}},"48":{"start":{"line":122,"column":4},"end":{"line":126,"column":6}},"49":{"start":{"line":128,"column":4},"end":{"line":138,"column":5}},"50":{"start":{"line":129,"column":5},"end":{"line":131,"column":6}},"51":{"start":{"line":130,"column":6},"end":{"line":130,"column":25}},"52":{"start":{"line":132,"column":5},"end":{"line":132,"column":67}},"53":{"start":{"line":133,"column":5},"end":{"line":133,"column":18}},"54":{"start":{"line":135,"column":5},"end":{"line":137,"column":6}},"55":{"start":{"line":136,"column":6},"end":{"line":136,"column":33}},"56":{"start":{"line":143,"column":3},"end":{"line":143,"column":61}},"57":{"start":{"line":144,"column":3},"end":{"line":146,"column":4}},"58":{"start":{"line":145,"column":4},"end":{"line":145,"column":81}},"59":{"start":{"line":148,"column":3},"end":{"line":150,"column":4}},"60":{"start":{"line":149,"column":4},"end":{"line":149,"column":69}},"61":{"start":{"line":152,"column":3},"end":{"line":152,"column":51}},"62":{"start":{"line":156,"column":1},"end":{"line":170,"column":3}},"63":{"start":{"line":157,"column":2},"end":{"line":157,"column":24}},"64":{"start":{"line":158,"column":2},"end":{"line":160,"column":3}},"65":{"start":{"line":159,"column":3},"end":{"line":159,"column":60}},"66":{"start":{"line":161,"column":2},"end":{"line":163,"column":3}},"67":{"start":{"line":162,"column":3},"end":{"line":162,"column":55}},"68":{"start":{"line":164,"column":2},"end":{"line":168,"column":3}},"69":{"start":{"line":165,"column":3},"end":{"line":167,"column":4}},"70":{"start":{"line":166,"column":4},"end":{"line":166,"column":48}},"71":{"start":{"line":169,"column":2},"end":{"line":169,"column":35}},"72":{"start":{"line":172,"column":1},"end":{"line":202,"column":3}},"73":{"start":{"line":173,"column":2},"end":{"line":173,"column":19}},"74":{"start":{"line":175,"column":2},"end":{"line":195,"column":3}},"75":{"start":{"line":176,"column":3},"end":{"line":176,"column":72}},"76":{"start":{"line":177,"column":9},"end":{"line":195,"column":3}},"77":{"start":{"line":178,"column":3},"end":{"line":178,"column":71}},"78":{"start":{"line":179,"column":9},"end":{"line":195,"column":3}},"79":{"start":{"line":180,"column":3},"end":{"line":180,"column":73}},"80":{"start":{"line":181,"column":9},"end":{"line":195,"column":3}},"81":{"start":{"line":182,"column":3},"end":{"line":182,"column":72}},"82":{"start":{"line":183,"column":9},"end":{"line":195,"column":3}},"83":{"start":{"line":184,"column":3},"end":{"line":194,"column":4}},"84":{"start":{"line":185,"column":4},"end":{"line":189,"column":7}},"85":{"start":{"line":190,"column":4},"end":{"line":190,"column":11}},"86":{"start":{"line":192,"column":4},"end":{"line":192,"column":124}},"87":{"start":{"line":193,"column":4},"end":{"line":193,"column":11}},"88":{"start":{"line":197,"column":2},"end":{"line":201,"column":3}},"89":{"start":{"line":198,"column":3},"end":{"line":198,"column":46}},"90":{"start":{"line":200,"column":3},"end":{"line":200,"column":30}},"91":{"start":{"line":213,"column":1},"end":{"line":249,"column":3}},"92":{"start":{"line":214,"column":2},"end":{"line":216,"column":24}},"93":{"start":{"line":218,"column":2},"end":{"line":218,"column":17}},"94":{"start":{"line":219,"column":2},"end":{"line":232,"column":3}},"95":{"start":{"line":220,"column":3},"end":{"line":220,"column":46}},"96":{"start":{"line":222,"column":3},"end":{"line":222,"column":23}},"97":{"start":{"line":223,"column":3},"end":{"line":228,"column":4}},"98":{"start":{"line":224,"column":4},"end":{"line":227,"column":18}},"99":{"start":{"line":229,"column":3},"end":{"line":229,"column":45}},"100":{"start":{"line":230,"column":3},"end":{"line":230,"column":22}},"101":{"start":{"line":231,"column":3},"end":{"line":231,"column":24}},"102":{"start":{"line":233,"column":2},"end":{"line":233,"column":31}},"103":{"start":{"line":234,"column":2},"end":{"line":234,"column":20}},"104":{"start":{"line":236,"column":2},"end":{"line":244,"column":3}},"105":{"start":{"line":237,"column":3},"end":{"line":237,"column":44}},"106":{"start":{"line":238,"column":3},"end":{"line":238,"column":18}},"107":{"start":{"line":239,"column":3},"end":{"line":241,"column":4}},"108":{"start":{"line":240,"column":4},"end":{"line":240,"column":58}},"109":{"start":{"line":242,"column":3},"end":{"line":242,"column":32}},"110":{"start":{"line":243,"column":3},"end":{"line":243,"column":22}},"111":{"start":{"line":246,"column":2},"end":{"line":246,"column":19}},"112":{"start":{"line":248,"column":2},"end":{"line":248,"column":17}},"113":{"start":{"line":251,"column":1},"end":{"line":283,"column":3}},"114":{"start":{"line":252,"column":2},"end":{"line":256,"column":17}},"115":{"start":{"line":258,"column":2},"end":{"line":258,"column":22}},"116":{"start":{"line":259,"column":2},"end":{"line":268,"column":3}},"117":{"start":{"line":260,"column":3},"end":{"line":267,"column":4}},"118":{"start":{"line":261,"column":4},"end":{"line":266,"column":21}},"119":{"start":{"line":269,"column":2},"end":{"line":269,"column":50}},"120":{"start":{"line":272,"column":2},"end":{"line":278,"column":3}},"121":{"start":{"line":273,"column":3},"end":{"line":273,"column":36}},"122":{"start":{"line":274,"column":3},"end":{"line":276,"column":4}},"123":{"start":{"line":275,"column":4},"end":{"line":275,"column":57}},"124":{"start":{"line":277,"column":3},"end":{"line":277,"column":37}},"125":{"start":{"line":280,"column":2},"end":{"line":280,"column":26}},"126":{"start":{"line":282,"column":2},"end":{"line":282,"column":17}},"127":{"start":{"line":285,"column":1},"end":{"line":307,"column":3}},"128":{"start":{"line":286,"column":2},"end":{"line":288,"column":16}},"129":{"start":{"line":290,"column":2},"end":{"line":297,"column":3}},"130":{"start":{"line":291,"column":3},"end":{"line":296,"column":4}},"131":{"start":{"line":292,"column":4},"end":{"line":295,"column":62}},"132":{"start":{"line":299,"column":2},"end":{"line":304,"column":3}},"133":{"start":{"line":300,"column":3},"end":{"line":300,"column":34}},"134":{"start":{"line":301,"column":3},"end":{"line":303,"column":4}},"135":{"start":{"line":302,"column":4},"end":{"line":302,"column":42}},"136":{"start":{"line":306,"column":2},"end":{"line":306,"column":17}},"137":{"start":{"line":309,"column":1},"end":{"line":373,"column":6}},"138":{"start":{"line":311,"column":2},"end":{"line":326,"column":3}},"139":{"start":{"line":312,"column":3},"end":{"line":325,"column":16}},"140":{"start":{"line":318,"column":6},"end":{"line":318,"column":73}},"141":{"start":{"line":328,"column":2},"end":{"line":333,"column":3}},"142":{"start":{"line":329,"column":3},"end":{"line":332,"column":16}},"143":{"start":{"line":335,"column":2},"end":{"line":372,"column":4}},"144":{"start":{"line":337,"column":3},"end":{"line":358,"column":6}},"145":{"start":{"line":338,"column":4},"end":{"line":338,"column":24}},"146":{"start":{"line":340,"column":4},"end":{"line":340,"column":25}},"147":{"start":{"line":342,"column":4},"end":{"line":344,"column":5}},"148":{"start":{"line":343,"column":5},"end":{"line":343,"column":61}},"149":{"start":{"line":346,"column":4},"end":{"line":351,"column":5}},"150":{"start":{"line":347,"column":5},"end":{"line":347,"column":47}},"151":{"start":{"line":348,"column":5},"end":{"line":348,"column":93}},"152":{"start":{"line":350,"column":5},"end":{"line":350,"column":96}},"153":{"start":{"line":353,"column":4},"end":{"line":353,"column":17}},"154":{"start":{"line":360,"column":3},"end":{"line":366,"column":16}},"155":{"start":{"line":368,"column":3},"end":{"line":368,"column":91}},"156":{"start":{"line":369,"column":3},"end":{"line":369,"column":34}},"157":{"start":{"line":371,"column":3},"end":{"line":371,"column":18}},"158":{"start":{"line":378,"column":1},"end":{"line":380,"column":2}},"159":{"start":{"line":379,"column":2},"end":{"line":379,"column":35}},"160":{"start":{"line":382,"column":1},"end":{"line":393,"column":3}},"161":{"start":{"line":383,"column":2},"end":{"line":383,"column":21}},"162":{"start":{"line":384,"column":2},"end":{"line":386,"column":3}},"163":{"start":{"line":385,"column":3},"end":{"line":385,"column":31}},"164":{"start":{"line":387,"column":2},"end":{"line":392,"column":25}},"165":{"start":{"line":395,"column":1},"end":{"line":397,"column":3}},"166":{"start":{"line":396,"column":2},"end":{"line":396,"column":61}}},"branchMap":{"1":{"line":33,"type":"if","locations":[{"start":{"line":33,"column":2},"end":{"line":33,"column":2}},{"start":{"line":33,"column":2},"end":{"line":33,"column":2}}]},"2":{"line":38,"type":"if","locations":[{"start":{"line":38,"column":4},"end":{"line":38,"column":4}},{"start":{"line":38,"column":4},"end":{"line":38,"column":4}}]},"3":{"line":45,"type":"if","locations":[{"start":{"line":45,"column":6},"end":{"line":45,"column":6}},{"start":{"line":45,"column":6},"end":{"line":45,"column":6}}]},"4":{"line":58,"type":"if","locations":[{"start":{"line":58,"column":4},"end":{"line":58,"column":4}},{"start":{"line":58,"column":4},"end":{"line":58,"column":4}}]},"5":{"line":64,"type":"if","locations":[{"start":{"line":64,"column":4},"end":{"line":64,"column":4}},{"start":{"line":64,"column":4},"end":{"line":64,"column":4}}]},"6":{"line":90,"type":"if","locations":[{"start":{"line":90,"column":12},"end":{"line":90,"column":12}},{"start":{"line":90,"column":12},"end":{"line":90,"column":12}}]},"7":{"line":107,"type":"if","locations":[{"start":{"line":107,"column":14},"end":{"line":107,"column":14}},{"start":{"line":107,"column":14},"end":{"line":107,"column":14}}]},"8":{"line":107,"type":"binary-expr","locations":[{"start":{"line":107,"column":18},"end":{"line":107,"column":43}},{"start":{"line":107,"column":48},"end":{"line":107,"column":77}},{"start":{"line":107,"column":81},"end":{"line":107,"column":121}}]},"9":{"line":108,"type":"if","locations":[{"start":{"line":108,"column":16},"end":{"line":108,"column":16}},{"start":{"line":108,"column":16},"end":{"line":108,"column":16}}]},"10":{"line":114,"type":"if","locations":[{"start":{"line":114,"column":16},"end":{"line":114,"column":16}},{"start":{"line":114,"column":16},"end":{"line":114,"column":16}}]},"11":{"line":128,"type":"if","locations":[{"start":{"line":128,"column":4},"end":{"line":128,"column":4}},{"start":{"line":128,"column":4},"end":{"line":128,"column":4}}]},"12":{"line":128,"type":"binary-expr","locations":[{"start":{"line":128,"column":8},"end":{"line":128,"column":18}},{"start":{"line":128,"column":22},"end":{"line":128,"column":46}},{"start":{"line":128,"column":51},"end":{"line":128,"column":80}},{"start":{"line":128,"column":84},"end":{"line":128,"column":124}}]},"13":{"line":129,"type":"if","locations":[{"start":{"line":129,"column":5},"end":{"line":129,"column":5}},{"start":{"line":129,"column":5},"end":{"line":129,"column":5}}]},"14":{"line":135,"type":"if","locations":[{"start":{"line":135,"column":5},"end":{"line":135,"column":5}},{"start":{"line":135,"column":5},"end":{"line":135,"column":5}}]},"15":{"line":144,"type":"if","locations":[{"start":{"line":144,"column":3},"end":{"line":144,"column":3}},{"start":{"line":144,"column":3},"end":{"line":144,"column":3}}]},"16":{"line":144,"type":"binary-expr","locations":[{"start":{"line":144,"column":7},"end":{"line":144,"column":21}},{"start":{"line":144,"column":25},"end":{"line":144,"column":44}}]},"17":{"line":148,"type":"if","locations":[{"start":{"line":148,"column":3},"end":{"line":148,"column":3}},{"start":{"line":148,"column":3},"end":{"line":148,"column":3}}]},"18":{"line":158,"type":"if","locations":[{"start":{"line":158,"column":2},"end":{"line":158,"column":2}},{"start":{"line":158,"column":2},"end":{"line":158,"column":2}}]},"19":{"line":161,"type":"if","locations":[{"start":{"line":161,"column":2},"end":{"line":161,"column":2}},{"start":{"line":161,"column":2},"end":{"line":161,"column":2}}]},"20":{"line":161,"type":"binary-expr","locations":[{"start":{"line":161,"column":6},"end":{"line":161,"column":37}},{"start":{"line":161,"column":41},"end":{"line":161,"column":71}},{"start":{"line":161,"column":75},"end":{"line":161,"column":99}}]},"21":{"line":164,"type":"if","locations":[{"start":{"line":164,"column":2},"end":{"line":164,"column":2}},{"start":{"line":164,"column":2},"end":{"line":164,"column":2}}]},"22":{"line":175,"type":"if","locations":[{"start":{"line":175,"column":2},"end":{"line":175,"column":2}},{"start":{"line":175,"column":2},"end":{"line":175,"column":2}}]},"23":{"line":177,"type":"if","locations":[{"start":{"line":177,"column":9},"end":{"line":177,"column":9}},{"start":{"line":177,"column":9},"end":{"line":177,"column":9}}]},"24":{"line":179,"type":"if","locations":[{"start":{"line":179,"column":9},"end":{"line":179,"column":9}},{"start":{"line":179,"column":9},"end":{"line":179,"column":9}}]},"25":{"line":181,"type":"if","locations":[{"start":{"line":181,"column":9},"end":{"line":181,"column":9}},{"start":{"line":181,"column":9},"end":{"line":181,"column":9}}]},"26":{"line":181,"type":"binary-expr","locations":[{"start":{"line":181,"column":13},"end":{"line":181,"column":41}},{"start":{"line":181,"column":45},"end":{"line":181,"column":76}}]},"27":{"line":183,"type":"if","locations":[{"start":{"line":183,"column":9},"end":{"line":183,"column":9}},{"start":{"line":183,"column":9},"end":{"line":183,"column":9}}]},"28":{"line":184,"type":"if","locations":[{"start":{"line":184,"column":3},"end":{"line":184,"column":3}},{"start":{"line":184,"column":3},"end":{"line":184,"column":3}}]},"29":{"line":197,"type":"if","locations":[{"start":{"line":197,"column":2},"end":{"line":197,"column":2}},{"start":{"line":197,"column":2},"end":{"line":197,"column":2}}]},"30":{"line":236,"type":"if","locations":[{"start":{"line":236,"column":2},"end":{"line":236,"column":2}},{"start":{"line":236,"column":2},"end":{"line":236,"column":2}}]},"31":{"line":272,"type":"if","locations":[{"start":{"line":272,"column":2},"end":{"line":272,"column":2}},{"start":{"line":272,"column":2},"end":{"line":272,"column":2}}]},"32":{"line":299,"type":"if","locations":[{"start":{"line":299,"column":2},"end":{"line":299,"column":2}},{"start":{"line":299,"column":2},"end":{"line":299,"column":2}}]},"33":{"line":342,"type":"if","locations":[{"start":{"line":342,"column":4},"end":{"line":342,"column":4}},{"start":{"line":342,"column":4},"end":{"line":342,"column":4}}]},"34":{"line":346,"type":"if","locations":[{"start":{"line":346,"column":4},"end":{"line":346,"column":4}},{"start":{"line":346,"column":4},"end":{"line":346,"column":4}}]},"35":{"line":385,"type":"cond-expr","locations":[{"start":{"line":385,"column":19},"end":{"line":385,"column":26}},{"start":{"line":385,"column":29},"end":{"line":385,"column":30}}]},"36":{"line":396,"type":"binary-expr","locations":[{"start":{"line":396,"column":12},"end":{"line":396,"column":15}},{"start":{"line":396,"column":19},"end":{"line":396,"column":34}},{"start":{"line":396,"column":38},"end":{"line":396,"column":46}},{"start":{"line":396,"column":50},"end":{"line":396,"column":59}}]}},"code":["/*"," * grunt-search"," * https://github.com/benkeen/grunt-search"," *"," * Copyright (c) 2013 Ben Keen"," * Licensed under the MIT license."," */","","\"use strict\";","","module.exports = function(grunt) {","","\tgrunt.registerMultiTask(\"search\", \"Grunt plugin that searches a list of files for particular search strings and logs all findings in various formats.\", function() {","","\t\t// merge task-specific and/or target-specific options with these defaults","\t\tvar options = this.options({","\t\t\tsearchString: null,","\t\t\tlogFile: null,","\t\t\tlogFormat: 'json', // json/xml/text/junit/custom/console","\t\t\tcustomLogFormatCallback: null,","\t\t\tfailOnMatch: false,","\t\t\tscopeMatchToFile: false,","\t\t\tJUnitTestsuiteName: 'jshint',","\t\t\tJUnitFailureMessage: 'Substring matched',","\t\t\toutputExaminedFiles: false,","\t\t\tonComplete: null,","\t\t\tonMatch: null,","\t\t\tlogCondition: null,","\t\t\tisJUnitFailure: null","\t\t});","","\t\t// validate the options","\t\tif (!_validateOptions(options)) {","\t\t\treturn;","\t\t}","","\t\t// if the searchString isn't a regular expression, convert it to one","    if (!Array.isArray(options.searchString)) {","      options.searchString = [options.searchString];","    }","","    // now convert all strings in the array to regexps","    var cleanSearchStrings = [];","    options.searchString.forEach(function (item) {","      if (!(item instanceof RegExp)) {","        cleanSearchStrings.push({ regexp: new RegExp(item, \"g\"), original: item });","      } else {","        cleanSearchStrings.push({ regexp: item, original: item });","      }","    });","","\t\t// now iterate over all specified file groups","\t\tthis.files.forEach(function(f) {","","\t\t\t// filter out invalid files and folders","\t\t\tvar filePaths = [];","\t\t\tf.src.filter(function(filepath) {","\t\t\t\tif (grunt.file.isDir(filepath)) {","\t\t\t\t\treturn;","\t\t\t\t}","","\t\t\t\t// *** this was in the gruntplugin example, but it doesn't seem to even GET here if the file specified","\t\t\t\t// doesn't exist... ***","\t\t\t\tif (!grunt.file.exists(filepath)) {","\t\t\t\t\tgrunt.log.warn('Source file \"' + filepath + '\" not found.');","\t\t\t\t} else {","\t\t\t\t\tfilePaths.push(filepath);","\t\t\t\t}","\t\t\t});","","\t\t\t// now search the files for the search string(s). This is pretty poor from a memory perspective: it loads","\t\t\t// the entire file into memory and runs the reg exp on it","\t\t\tvar matches = {};","\t\t\tvar numMatches = 0;","\t\t\tfor (var i=0; i<filePaths.length; i++) {","\t\t\t\tvar file = filePaths[i];","\t\t\t\tvar src = grunt.file.read(file);","","\t\t\t\tvar lines = src.split(\"\\n\");","\t\t\t\tvar matchLines = [];","\t\t\t\tvar matchStrings = [];","\t\t\t\tvar foundMatch = false;","","        // yikes.","\t\t\t\tfor (var j=1; j<=lines.length; j++) {","          for (var k=0; k<cleanSearchStrings.length; k++) {","            var currSearchString = cleanSearchStrings[k];","            var lineMatches = lines[j-1].match(currSearchString.regexp);","","            if (!lineMatches) {","              continue;","            }","","            foundMatch = true;","            matchLines.push(j);","","            for (var m=0; m<lineMatches.length; m++) {","              matchStrings.push(lineMatches[m]);","","              var lineMatch = {","                file: file,","                line: j,","                match: lineMatches[m],","                searchString: currSearchString.original","              };","","              if (!options.scopeMatchToFile && (options.logCondition === null || options.logCondition(lineMatch) === true)) {","                if (!matches.hasOwnProperty(file)) {","                  matches[file] = [];","                }","                matches[file].push({ line: j, match: lineMatches[m], searchString: currSearchString.original });","                numMatches++;","","                if (options.onMatch !== null) {","                  options.onMatch(lineMatch);","                }","              }","            }","          }","\t\t\t\t}","","\t\t\t\tvar fileMatch = {","\t\t\t\t\tfile: file,","\t\t\t\t\tline: matchLines,","\t\t\t\t\tmatch: matchStrings","\t\t\t\t};","","\t\t\t\tif (foundMatch && options.scopeMatchToFile && (options.logCondition === null || options.logCondition(fileMatch) === true)) {","\t\t\t\t\tif (!matches.hasOwnProperty(file)) {","\t\t\t\t\t\tmatches[file] = [];","\t\t\t\t\t}","\t\t\t\t\tmatches[file].push({ line: matchLines, match: matchStrings });","\t\t\t\t\tnumMatches++;","","\t\t\t\t\tif (options.onMatch !== null) {","\t\t\t\t\t\toptions.onMatch(fileMatch);","\t\t\t\t\t}","\t\t\t\t}","\t\t\t}","","\t\t\t// write the log file - even if there are no results. It'll just contain a \"numResults: 0\" which is useful","\t\t\t// in of itself","\t\t\t_generateLogFile(options, filePaths, matches, numMatches);","\t\t\tif (numMatches > 0 && options.failOnMatch) {","\t\t\t\tgrunt.fail.fatal(\"Matches of \" + options.searchString.toString() + \" found\");","\t\t\t}","","\t\t\tif (options.onComplete !== null) {","\t\t\t\toptions.onComplete({ numMatches: numMatches, matches: matches });","\t\t\t}","","\t\t\tgrunt.log.writeln(\"Num matches: \" + numMatches);","\t\t});","\t});","","\tvar _validateOptions = function(options) {","\t\tvar optionErrors = [];","\t\tif (options.searchString === null) {","\t\t\toptionErrors.push(\"Missing options.searchString value.\");","\t\t}","\t\tif (options.logFormat !== \"console\" && options.logFormat !== \"custom\" && options.logFile === null) {","\t\t\toptionErrors.push(\"Missing options.logFile value.\");","\t\t}","\t\tif (optionErrors.length) {","\t\t\tfor (var i=0; i<optionErrors.length; i++) {","\t\t\t\tgrunt.log.error(\"Error: \", optionErrors[i]);","\t\t\t}","\t\t}","\t\treturn optionErrors.length === 0;","\t};","","\tvar _generateLogFile = function(options, filePaths, results, numResults) {","\t\tvar content = '';","","\t\tif (options.logFormat === \"json\") {","\t\t\tcontent = _getJSONLogFormat(options, filePaths, results, numResults);","\t\t} else if (options.logFormat === \"xml\") {","\t\t\tcontent = _getXMLLogFormat(options, filePaths, results, numResults);","\t\t} else if (options.logFormat === \"junit\") {","\t\t\tcontent = _getJUnitLogFormat(options, filePaths, results, numResults);","\t\t} else if (options.logFormat === \"text\" || options.logFormat === \"console\") {","\t\t\tcontent = _getTextLogFormat(options, filePaths, results, numResults);","\t\t} else if (options.logFormat === \"custom\") {","\t\t\tif (_isFunction(options.customLogFormatCallback)) {","\t\t\t\toptions.customLogFormatCallback({","\t\t\t\t\tfilePaths: filePaths,","\t\t\t\t\tresults: results,","\t\t\t\t\tnumResults: numResults","\t\t\t\t});","\t\t\t\treturn;","\t\t\t} else {","\t\t\t\tgrunt.log.error(\"Error: custom logFormat option selected, but invalid/missing customLogFormatCallback option defined.\");","\t\t\t\treturn;","\t\t\t}","\t\t}","","\t\tif (options.logFormat !== \"console\") {","\t\t\tgrunt.file.write(options.logFile, content);","\t\t} else {","\t\t\tgrunt.log.writeln(content);","\t\t}","\t};","","","\t/**","\t * This generates a JSON formatted file of the match results. Boy I miss templating. :-)","\t * @param options","\t * @param results","\t * @param numResults","\t * @returns {string}","\t * @private","\t */","\tvar _getJSONLogFormat = function(options, filePaths, results, numResults) {","\t\tvar content = \"{\\n\\t\\\"numResults\\\": \" + numResults + \",\\n\" + ","\t\t\t\"\\t\\\"creationDate\\\": \\\"\" + _getISODateString() + \"\\\",\\n\" + ","\t\t\t\"\\t\\\"results\\\": {\\n\";","","\t\tvar group = [];","\t\tfor (var file in results) {","\t\t\tvar groupStr = \"\\t\\t\\\"\" + file + \"\\\": [\\n\";","","\t\t\tvar matchGroup = [];","\t\t\tfor (var i=0; i<results[file].length; i++) {","\t\t\t\tmatchGroup.push(\"\\t\\t\\t{\\n\" + ","\t\t\t\t\t\"\\t\\t\\t\\t\\\"line\\\": \" + results[file][i].line + \",\\n\" + ","\t\t\t\t\t\"\\t\\t\\t\\t\\\"match\\\": \" + \"\\\"\" + _cleanStr(results[file][i].match) + \"\\\"\" + ","\t\t\t\t\t\"\\n\\t\\t\\t}\");","\t\t\t}","\t\t\tgroupStr += matchGroup.join(\",\\n\") + \"\\n\";","\t\t\tgroupStr += \"\\t\\t]\"","\t\t\tgroup.push(groupStr);","\t\t}","\t\tcontent += group.join(\",\\n\");","\t\tcontent += \"\\n\\t}\"","","\t\tif (options.outputExaminedFiles) {","\t\t\tcontent += \",\\n\\t\\\"examinedFiles\\\": [\\n\";","\t\t\tvar files = [];","\t\t\tfor (var i=0; i<filePaths.length; i++) {","\t\t\t\tfiles.push(\"\\t\\t\\\"\" + _cleanStr(filePaths[i]) + \"\\\"\");","\t\t\t}","\t\t\tcontent += files.join(\",\\n\");","\t\t\tcontent += \"\\n\\t]\";","\t\t}","","\t\tcontent += \"\\n}\";","","\t\treturn content;","\t};","","\tvar _getXMLLogFormat = function(options, filePaths, results, numResults) {","\t\tvar content = \"<?xml version=\\\"1.0\\\"?>\\n\" + ","\t\t\t\"<search>\\n\" + ","\t\t\t\"\\t<numResults>\" + numResults + \"</numResults>\\n\" + ","\t\t\t\"\\t<creationDate>\" + _getISODateString() + \"</creationDate>\\n\" + ","\t\t\t\"\\t<results>\";","","\t\tvar matchGroup = \"\";","\t\tfor (var file in results) {","\t\t\tfor (var i=0; i<results[file].length; i++) {","\t\t\t\tmatchGroup += \"\\n\\t\\t<result>\\n\" + ","\t\t\t\t\t\"\\t\\t\\t<file>\" + file + \"</file>\\n\" + ","\t\t\t\t\t\"\\t\\t\\t<line>\" + results[file][i].line + \"</line>\\n\" + ","\t\t\t\t\t\"\\t\\t\\t<match>\" + results[file][i].match + \"</match>\\n\" +","          \"\\t\\t\\t<searchStr>\" + results[file][i].searchString + \"</searchStr>\\n\" +","\t\t\t\t\t\"\\t\\t</result>\";","\t\t\t}","\t\t}","\t\tcontent += matchGroup + \"\\n\" + \"\\t</results>\\n\";","","","\t\tif (options.outputExaminedFiles) {","\t\t\tcontent += \"\\t<examinedFiles>\\n\";","\t\t\tfor (var i=0; i<filePaths.length; i++) {","\t\t\t\tcontent += \"\\t\\t<file>\" + filePaths[i] + \"</file>\\n\";","\t\t\t}","\t\t\tcontent += \"\\t</examinedFiles>\\n\";","\t\t}","","\t\tcontent +=  \"</search>\";","","\t\treturn content;","\t};","","\tvar _getTextLogFormat = function(options, filePaths, results, numResults) {","\t\tvar content = \"Num results: \" + numResults + \"\\n\" + ","\t\t\t\"Creation date: \" + _getISODateString() + \"\\n\" + ","\t\t\t\"Results:\\n\";","","\t\tfor (var file in results) {","\t\t\tfor (var i=0; i<results[file].length; i++) {","\t\t\t\tcontent += \"\\tFile: \" + file + \"\\n\" + ","\t\t\t\t\"\\tLine: \" + results[file][i].line + \"\\n\" + ","\t\t\t\t\"\\tMatch: \" + results[file][i].match + \"\\n\" +","        \"\\tSearch: \" + results[file][i].searchString + \"\\n\\n\";","\t\t\t}","\t\t}","","\t\tif (options.outputExaminedFiles) {","\t\t\tcontent += \"Examined files:\\n\";","\t\t\tfor (var i=0; i<filePaths.length; i++) {","\t\t\t\tcontent += \"\\t\" + filePaths[i] + \"\\n\";","\t\t\t}","\t\t}","","\t\treturn content;","\t};","","\tvar _getJUnitLogFormat = (function() {","","\t\tfunction failTestCaseXML(name, matches, message) {","\t\t\treturn [","\t\t\t\t\"\\t<testcase name=\\\"\" + name + \"\\\">\",","\t\t\t\t\"\\t\\t<failure message=\\\"\" + message + \"\\\">\",","\t\t\t\t\"\\t\\t<![CDATA[\",","","\t\t\t\t\tmatches.map(function(failure, num, message) {","\t\t\t\t\t\treturn (num + 1) + \". line \" + failure.line + \": \" + failure.match;","\t\t\t\t\t}).join(\"\\n\"),","","\t\t\t\t\"\\t\\t]]>\",","\t\t\t\t\"\\t\\t</failure>\",","\t\t\t    \"\\t</testcase>\"","","\t\t\t].join(\"\\n\");","\t\t}","","\t\tfunction successTestCaseXML(name, matches) {","\t\t\treturn [","\t\t\t\t\"\\t<testcase name=\\\"\" + name + \"\\\">\",","\t\t\t\t\"\\t</testcase>\"","\t\t\t].join(\"\\n\");","\t\t}","","\t\treturn function(options, filePaths, results, numResults) {","","\t\t\tvar parts = Object.keys(results).reduce(function(parts, file) {","\t\t\t\tparts.numTests += 1;","\t\t\t\t","\t\t\t\tvar isFailure = true;","","\t\t\t\tif (options.isJUnitFailure !== null) {","\t\t\t\t\tisFailure = options.isJUnitFailure(file, results[file]);","\t\t\t\t}","","\t\t\t\tif (isFailure) {","\t\t\t\t\tparts.numFailures += results[file].length;","\t\t\t\t\tparts.testCases.push(failTestCaseXML(file, results[file], options.JUnitFailureMessage));","\t\t\t\t} else {","\t\t\t\t\tparts.testCases.push(successTestCaseXML(file, results[file], options.JUnitFailureMessage));","\t\t\t\t}","","\t\t\t\treturn parts;","\t\t\t}, {","\t\t\t\tnumTests    : 0,","\t\t\t\tnumFailures : 0,","\t\t\t\ttestCases   : []","\t\t\t});","","\t\t\tvar content = [","\t\t\t\t\"<?xml version=\\\"1.0\\\"?>\",","\t\t\t\t\"<testsuite name=\\\"\" + options.JUnitTestsuiteName + \"\\\" tests=\\\"\" + parts.numTests + \"\\\" failures=\\\"\" + parts.numFailures + \"\\\" errors=\\\"0\\\">\",","\t\t\t\t\tparts.testCases.join(\"\\n\"),","\t\t\t\t\"</testsuite>\"","","\t\t\t].join(\"\\n\");","","\t\t\tgrunt.verbose.writeln(options.searchString.toString().yellow + ' > ' + options.logFile);","\t\t\tgrunt.verbose.writeln(content);","","\t\t\treturn content;","\t\t};","\t}());","","","\t// helpers ----------------","","\tvar _cleanStr = function(str) {","\t\treturn str.replace(/\"/g, \"\\\\\\\"\");","\t}","","\tvar _getISODateString = function() {","\t\tvar d = new Date();","\t\tfunction pad(n) {","\t\t\treturn n < 10 ? '0' + n : n;","\t\t}","\t\treturn d.getUTCFullYear() + '-'+ ","\t\t\tpad(d.getUTCMonth()+1) + '-' + ","\t\t\tpad(d.getUTCDate()) + ' ' + ","\t\t\tpad(d.getUTCHours()) + ':' + ","\t\t\tpad(d.getUTCMinutes()) + ':' + ","\t\t\tpad(d.getUTCSeconds())","\t};","","\tvar _isFunction = function(obj) {","\t\treturn !!(obj && obj.constructor && obj.call && obj.apply);","\t};","};",""],"l":{"11":1,"13":0,"16":0,"33":0,"34":0,"38":0,"39":0,"43":0,"44":0,"45":0,"46":0,"48":0,"53":0,"56":0,"57":0,"58":0,"59":0,"64":0,"65":0,"67":0,"73":0,"74":0,"75":0,"76":0,"77":0,"79":0,"80":0,"81":0,"82":0,"85":0,"86":0,"87":0,"88":0,"90":0,"91":0,"94":0,"95":0,"97":0,"98":0,"100":0,"107":0,"108":0,"109":0,"111":0,"112":0,"114":0,"115":0,"122":0,"128":0,"129":0,"130":0,"132":0,"133":0,"135":0,"136":0,"143":0,"144":0,"145":0,"148":0,"149":0,"152":0,"156":0,"157":0,"158":0,"159":0,"161":0,"162":0,"164":0,"165":0,"166":0,"169":0,"172":0,"173":0,"175":0,"176":0,"177":0,"178":0,"179":0,"180":0,"181":0,"182":0,"183":0,"184":0,"185":0,"190":0,"192":0,"193":0,"197":0,"198":0,"200":0,"213":0,"214":0,"218":0,"219":0,"220":0,"222":0,"223":0,"224":0,"229":0,"230":0,"231":0,"233":0,"234":0,"236":0,"237":0,"238":0,"239":0,"240":0,"242":0,"243":0,"246":0,"248":0,"251":0,"252":0,"258":0,"259":0,"260":0,"261":0,"269":0,"272":0,"273":0,"274":0,"275":0,"277":0,"280":0,"282":0,"285":0,"286":0,"290":0,"291":0,"292":0,"299":0,"300":0,"301":0,"302":0,"306":0,"309":0,"311":1,"312":0,"318":0,"328":1,"329":0,"335":0,"337":0,"338":0,"340":0,"342":0,"343":0,"346":0,"347":0,"348":0,"350":0,"353":0,"360":0,"368":0,"369":0,"371":0,"378":0,"379":0,"382":0,"383":0,"384":1,"385":0,"387":0,"395":0,"396":0}}}